2025-10-31T06:46:38+01:00 | [debug] fetched criteria for course_id=26, count=2
 - id=82, name=Exam, period=prelim, percentage=20.00
 - id=83, name=Quiz, period=prelim, percentage=10.00
2025-10-31T06:56:43+01:00 | [debug] fetched criteria for course_id=26, count=2
 - id=82, name=Exam, period=prelim, percentage=20.00
 - id=83, name=Quiz, period=prelim, percentage=10.00
2025-10-31T06:56:46+01:00 | [debug] fetched criteria for course_id=26, count=1
 - id=83, name=Quiz, period=prelim, percentage=10.00
2025-10-31T06:57:09+01:00 | [debug] fetched criteria for course_id=26, count=2
 - id=83, name=Quiz, period=prelim, percentage=10.00
 - id=84, name=Exam, period=prelim, percentage=20.00
2025-10-31T07:16:15+01:00 | [debug] fetched criteria for course_id=26, count=2
 - id=83, name=Quiz, period=prelim, percentage=10.00
 - id=85, name=Attendance, period=prelim, percentage=10.00
2025-10-31T07:16:29+01:00 | [debug] fetched criteria for course_id=26, count=3
 - id=83, name=Quiz, period=prelim, percentage=10.00
 - id=85, name=Attendance, period=prelim, percentage=10.00
 - id=86, name=Exam, period=prelim, percentage=10.00
2025-10-31T07:16:39+01:00 | [debug] fetched criteria for course_id=26, count=2
 - id=83, name=Quiz, period=prelim, percentage=10.00
 - id=86, name=Exam, period=prelim, percentage=10.00
2025-10-31T07:19:24+01:00 | [debug] fetched criteria for course_id=26, count=2
 - id=83, name=Quiz, period=prelim, percentage=10.00
 - id=86, name=Exam, period=prelim, percentage=10.00
2025-10-31T07:19:30+01:00 | [debug] fetched criteria for course_id=26, count=2
 - id=83, name=Quiz, period=prelim, percentage=10.00
 - id=86, name=Exam, period=prelim, percentage=10.00
2025-10-31T07:19:46+01:00 | [debug] fetched criteria for course_id=26, count=2
 - id=83, name=Quiz, period=prelim, percentage=10.00
 - id=86, name=Exam, period=prelim, percentage=10.00
2025-10-31T07:20:05+01:00 | [debug] fetched criteria for course_id=26, count=2
 - id=83, name=Quiz, period=prelim, percentage=10.00
 - id=86, name=Exam, period=prelim, percentage=10.00
2025-10-31T07:22:39+01:00 | [debug] fetched criteria for course_id=26, count=2
 - id=83, name=Quiz, period=prelim, percentage=10.00
 - id=86, name=Exam, period=prelim, percentage=10.00
2025-10-31T07:23:00+01:00 | [debug] fetched criteria for course_id=26, count=1
 - id=86, name=Exam, period=prelim, percentage=10.00
2025-10-31T07:23:10+01:00 | [debug] fetched criteria for course_id=26, count=2
 - id=86, name=Exam, period=prelim, percentage=10.00
 - id=87, name=Quiz, period=midterm, percentage=10.00
2025-10-31T07:59:21+01:00 | [debug] fetched criteria for course_id=26, count=2
 - id=86, name=Exam, period=prelim, percentage=10.00
 - id=87, name=Quiz, period=midterm, percentage=10.00
2025-10-31T07:59:32+01:00 | [debug] fetched criteria for course_id=26, count=3
 - id=86, name=Exam, period=prelim, percentage=10.00
 - id=87, name=Quiz, period=midterm, percentage=10.00
 - id=88, name=Quiz, period=prelim, percentage=4.00
2025-10-31T08:02:57+01:00 | [debug] fetched criteria for course_id=26, count=3
 - id=86, name=Exam, period=prelim, percentage=10.00
 - id=87, name=Quiz, period=midterm, percentage=10.00
 - id=88, name=Quiz, period=prelim, percentage=4.00
2025-10-31T08:05:10+01:00 | [manage-grades] section_id=63, course_id=26, assessments=0, displayAssessments=0
2025-10-31T08:05:15+01:00 | [debug] fetched criteria for course_id=26, count=3
 - id=86, name=Exam, period=prelim, percentage=10.00
 - id=87, name=Quiz, period=midterm, percentage=10.00
 - id=88, name=Quiz, period=prelim, percentage=4.00
2025-10-31T08:05:20+01:00 | [debug] fetched criteria for course_id=26, count=2
 - id=87, name=Quiz, period=midterm, percentage=10.00
 - id=88, name=Quiz, period=prelim, percentage=4.00
2025-10-31T08:05:23+01:00 | [debug] fetched criteria for course_id=26, count=1
 - id=88, name=Quiz, period=prelim, percentage=4.00
2025-10-31T08:05:26+01:00 | [debug] fetched criteria for course_id=26, count=0
2025-10-31T08:05:38+01:00 | [debug] fetched criteria for course_id=26, count=1
 - id=89, name=Exam, period=prelim, percentage=20.00
2025-10-31T08:05:59+01:00 | [debug] fetched criteria for course_id=26, count=1
 - id=89, name=Exam, period=prelim, percentage=20.00
2025-10-31T08:06:04+01:00 | [manage-grades] section_id=63, course_id=26, assessments=1, displayAssessments=1
2025-10-31T08:06:25+01:00 | [debug] fetched criteria for course_id=26, count=1
 - id=89, name=Exam, period=prelim, percentage=20.00
2025-10-31T08:06:36+01:00 | [debug] fetched criteria for course_id=26, count=2
 - id=89, name=Exam, period=prelim, percentage=20.00
 - id=90, name=Exam, period=midterm, percentage=20.00
2025-10-31T08:07:17+01:00 | [debug] fetched criteria for course_id=26, count=1
 - id=90, name=Exam, period=midterm, percentage=20.00
2025-10-31T08:07:29+01:00 | [debug] fetched criteria for course_id=26, count=1
 - id=90, name=Exam, period=midterm, percentage=20.00
2025-10-31T08:07:45+01:00 | [debug] fetched criteria for course_id=26, count=2
 - id=90, name=Exam, period=midterm, percentage=20.00
 - id=91, name=Quiz, period=prelim, percentage=20.00
2025-10-31T08:09:53+01:00 | [debug] fetched criteria for course_id=26, count=2
 - id=90, name=Exam, period=midterm, percentage=20.00
 - id=91, name=Quiz, period=prelim, percentage=20.00
2025-10-31T08:09:58+01:00 | [debug] fetched criteria for course_id=26, count=1
 - id=91, name=Quiz, period=prelim, percentage=20.00
2025-10-31T08:10:13+01:00 | [debug] fetched criteria for course_id=26, count=2
 - id=91, name=Quiz, period=prelim, percentage=20.00
 - id=92, name=Exam, period=finals, percentage=20.00
2025-10-31T08:10:38+01:00 | [debug] fetched criteria for course_id=26, count=1
 - id=92, name=Exam, period=finals, percentage=20.00
2025-10-31T08:10:42+01:00 | [debug] fetched criteria for course_id=26, count=0
2025-10-31T08:10:52+01:00 | [debug] fetched criteria for course_id=26, count=1
 - id=93, name=Quiz, period=prelim, percentage=10.00
2025-10-31T08:11:05+01:00 | [debug] fetched criteria for course_id=26, count=2
 - id=93, name=Quiz, period=prelim, percentage=10.00
 - id=94, name=Exam, period=prelim, percentage=15.00
2025-10-31T08:13:51+01:00 | [debug] fetched criteria for course_id=26, count=2
 - id=93, name=Quiz, period=prelim, percentage=10.00
 - id=94, name=Exam, period=prelim, percentage=15.00
2025-10-31T08:13:55+01:00 | [debug] fetched criteria for course_id=26, count=1
 - id=94, name=Exam, period=prelim, percentage=15.00
2025-10-31T08:13:59+01:00 | [debug] fetched criteria for course_id=26, count=0
2025-10-31T08:14:22+01:00 | [add_criteria] course_id=26 name='Exam' period='prelim' percentage=10 by instructor=157
2025-10-31T08:14:22+01:00 | [debug] fetched criteria for course_id=26, count=1
 - id=95, name=Exam, period=prelim, percentage=10.00
2025-10-31T08:14:36+01:00 | [add_criteria] course_id=26 name='Quiz' period='midterm' percentage=20 by instructor=157
2025-10-31T08:14:36+01:00 | [debug] fetched criteria for course_id=26, count=2
 - id=95, name=Exam, period=prelim, percentage=10.00
 - id=96, name=Quiz, period=midterm, percentage=20.00
2025-10-31T08:14:51+01:00 | [debug] fetched criteria for course_id=26, count=2
 - id=95, name=Exam, period=prelim, percentage=10.00
 - id=96, name=Quiz, period=midterm, percentage=20.00
2025-10-31T08:14:57+01:00 | [manage-grades] section_id=63, course_id=26, assessments=0, displayAssessments=0
2025-10-31T08:15:01+01:00 | [debug] fetched criteria for course_id=26, count=2
 - id=95, name=Exam, period=prelim, percentage=10.00
 - id=96, name=Quiz, period=midterm, percentage=20.00
2025-10-31T08:15:11+01:00 | [debug] fetched criteria for course_id=26, count=2
 - id=95, name=Exam, period=prelim, percentage=10.00
 - id=96, name=Quiz, period=midterm, percentage=20.00
2025-10-31T08:15:25+01:00 | [debug] fetched criteria for course_id=26, count=2
 - id=95, name=Exam, period=prelim, percentage=10.00
 - id=96, name=Quiz, period=midterm, percentage=20.00
2025-10-31T08:15:43+01:00 | [debug] fetched criteria for course_id=26, count=2
 - id=95, name=Exam, period=prelim, percentage=10.00
 - id=96, name=Quiz, period=midterm, percentage=20.00
2025-10-31T08:15:48+01:00 | [manage-grades] section_id=63, course_id=26, assessments=3, displayAssessments=3
2025-10-31T08:17:14+01:00 | [manage-grades] section_id=63, course_id=26, assessments=3, displayAssessments=3
2025-10-31T08:17:16+01:00 | [manage-grades] section_id=63, course_id=26, assessments=3, displayAssessments=3
2025-10-31T08:19:31+01:00 | [manage-grades] section_id=63, course_id=26, assessments=3, displayAssessments=3
2025-10-31T08:19:37+01:00 | Failed to process grades: SQLSTATE[23000]: Integrity constraint violation: 1452 Cannot add or update a child row: a foreign key constraint fails (`college_grading_system`.`grades`, CONSTRAINT `grades_ibfk_2` FOREIGN KEY (`assessment_id`) REFERENCES `assessments` (`id`) ON DELETE CASCADE)
Payload: {"376":{"82":{"grade":"100"},"83":{"grade":""},"84":{"grade":""}}}
2025-10-31T08:19:43+01:00 | Failed to process grades: SQLSTATE[23000]: Integrity constraint violation: 1452 Cannot add or update a child row: a foreign key constraint fails (`college_grading_system`.`grades`, CONSTRAINT `grades_ibfk_2` FOREIGN KEY (`assessment_id`) REFERENCES `assessments` (`id`) ON DELETE CASCADE)
Payload: {"376":{"82":{"grade":"100"},"83":{"grade":""},"84":{"grade":""}}}
2025-10-31T08:19:45+01:00 | [manage-grades] section_id=63, course_id=26, assessments=3, displayAssessments=3
2025-10-31T08:19:47+01:00 | Failed to process grades: SQLSTATE[23000]: Integrity constraint violation: 1452 Cannot add or update a child row: a foreign key constraint fails (`college_grading_system`.`grades`, CONSTRAINT `grades_ibfk_2` FOREIGN KEY (`assessment_id`) REFERENCES `assessments` (`id`) ON DELETE CASCADE)
Payload: {"376":{"82":{"grade":""},"83":{"grade":""},"84":{"grade":""}}}
2025-10-31T08:19:53+01:00 | Failed to process grades: SQLSTATE[23000]: Integrity constraint violation: 1452 Cannot add or update a child row: a foreign key constraint fails (`college_grading_system`.`grades`, CONSTRAINT `grades_ibfk_2` FOREIGN KEY (`assessment_id`) REFERENCES `assessments` (`id`) ON DELETE CASCADE)
Payload: {"376":{"82":{"grade":""},"83":{"grade":""},"84":{"grade":""}}}
2025-10-31T08:22:51+01:00 | [manage-grades] section_id=63, course_id=26, assessments=3, displayAssessments=3
2025-10-31T08:23:00+01:00 | [manage-grades] section_id=63, course_id=26, assessments=3, displayAssessments=3
2025-10-31T08:23:01+01:00 | [manage-grades] section_id=63, course_id=26, assessments=3, displayAssessments=3
2025-10-31T08:38:17+01:00 | [manage-grades] section_id=63, course_id=26, assessments=3, displayAssessments=3
2025-10-31T08:39:13+01:00 | [debug] fetched criteria for course_id=26, count=2
 - id=95, name=Exam, period=prelim, percentage=10.00
 - id=96, name=Quiz, period=midterm, percentage=20.00
2025-10-31T08:39:37+01:00 | [debug] fetched criteria for course_id=26, count=2
 - id=95, name=Exam, period=prelim, percentage=10.00
 - id=96, name=Quiz, period=midterm, percentage=20.00
2025-10-31T08:39:58+01:00 | [manage-grades] section_id=63, course_id=26, assessments=3, displayAssessments=3
2025-10-31T08:40:21+01:00 | [manage-grades] section_id=63, course_id=26, assessments=3, displayAssessments=3
2025-10-31T08:40:41+01:00 | [debug] fetched criteria for course_id=26, count=2
 - id=95, name=Exam, period=prelim, percentage=10.00
 - id=96, name=Quiz, period=midterm, percentage=20.00
2025-10-31T08:40:52+01:00 | [debug] fetched criteria for course_id=26, count=1
 - id=96, name=Quiz, period=midterm, percentage=20.00
2025-10-31T08:41:14+01:00 | [debug] fetched criteria for course_id=26, count=1
 - id=96, name=Quiz, period=midterm, percentage=20.00
2025-10-31T08:41:20+01:00 | [manage-grades] section_id=63, course_id=26, assessments=1, displayAssessments=1
2025-10-31T08:41:36+01:00 | [debug] fetched criteria for course_id=26, count=1
 - id=96, name=Quiz, period=midterm, percentage=20.00
2025-10-31T08:41:52+01:00 | [add_criteria] course_id=26 name='Quiz' period='prelim' percentage=10 by instructor=157
2025-10-31T08:41:52+01:00 | [debug] fetched criteria for course_id=26, count=2
 - id=96, name=Quiz, period=midterm, percentage=20.00
 - id=97, name=Quiz, period=prelim, percentage=10.00
2025-10-31T08:46:47+01:00 | [debug] fetched criteria for course_id=26, count=2
 - id=96, name=Quiz, period=midterm, percentage=20.00
 - id=97, name=Quiz, period=prelim, percentage=10.00
2025-10-31T08:46:51+01:00 | [debug] fetched criteria for course_id=26, count=1
 - id=97, name=Quiz, period=prelim, percentage=10.00
2025-10-31T08:46:55+01:00 | [debug] fetched criteria for course_id=26, count=0
2025-10-31T08:47:04+01:00 | [add_criteria] course_id=26 name='Exam' period='prelim' percentage=10 by instructor=157
2025-10-31T08:47:04+01:00 | [debug] fetched criteria for course_id=26, count=1
 - id=98, name=Exam, period=prelim, percentage=10.00
2025-10-31T08:47:19+01:00 | [add_criteria] course_id=26 name='Quiz' period='prelim' percentage=10 by instructor=157
2025-10-31T08:47:19+01:00 | [debug] fetched criteria for course_id=26, count=2
 - id=98, name=Exam, period=prelim, percentage=10.00
 - id=99, name=Quiz, period=prelim, percentage=10.00
2025-10-31T08:47:32+01:00 | [debug] fetched criteria for course_id=26, count=2
 - id=98, name=Exam, period=prelim, percentage=10.00
 - id=99, name=Quiz, period=prelim, percentage=10.00
2025-10-31T08:47:34+01:00 | [debug] fetched criteria for course_id=26, count=2
 - id=98, name=Exam, period=prelim, percentage=10.00
 - id=99, name=Quiz, period=prelim, percentage=10.00
2025-10-31T08:47:41+01:00 | [manage-grades] section_id=63, course_id=26, assessments=0, displayAssessments=0
2025-10-31T09:49:34+01:00 | [manage-grades] section_id=63, course_id=26, assessments=0, displayAssessments=0
2025-10-31T09:49:38+01:00 | [debug] fetched criteria for course_id=26, count=2
 - id=98, name=Exam, period=prelim, percentage=10.00
 - id=99, name=Quiz, period=prelim, percentage=10.00
2025-10-31T09:49:46+01:00 | [debug] fetched criteria for course_id=26, count=1
 - id=99, name=Quiz, period=prelim, percentage=10.00
2025-10-31T09:50:03+01:00 | [add_criteria] course_id=26 name='Quiz' period='midterm' percentage=10 by instructor=157
2025-10-31T09:50:03+01:00 | [debug] fetched criteria for course_id=26, count=2
 - id=99, name=Quiz, period=prelim, percentage=10.00
 - id=100, name=Quiz, period=midterm, percentage=10.00
2025-10-31T09:50:07+01:00 | [debug] fetched criteria for course_id=26, count=2
 - id=99, name=Quiz, period=prelim, percentage=10.00
 - id=100, name=Quiz, period=midterm, percentage=10.00
2025-10-31T10:09:57+01:00 | [criteria] course_id=26, count=2
2025-10-31T10:10:04+01:00 | [criteria] course_id=26, count=1
2025-10-31T10:10:20+01:00 | [criteria] course_id=26, count=2
2025-10-31T10:27:42+01:00 | [criteria] course_id=26, count=2
2025-10-31T10:28:25+01:00 | [criteria] course_id=26, count=3
2025-10-31T10:38:51+01:00 | [manage-grades] section_id=63, course_id=26, assessments=0, displayAssessments=0
2025-10-31T10:38:56+01:00 | [criteria] course_id=26, count=3
2025-10-31T10:39:08+01:00 | [criteria] course_id=26, count=3
2025-10-31T10:39:31+01:00 | [criteria] course_id=26, count=3
2025-10-31T10:39:44+01:00 | [criteria] course_id=26, count=3
2025-10-31T10:39:55+01:00 | [criteria] course_id=26, count=3
2025-10-31T10:44:54+01:00 | [criteria] course_id=26, count=3
2025-10-31T10:45:01+01:00 | [criteria] course_id=26, count=2
2025-10-31T10:45:14+01:00 | [criteria] course_id=26, count=1
2025-10-31T10:45:19+01:00 | [criteria] course_id=26, count=0
2025-10-31T10:45:34+01:00 | [criteria] course_id=26, count=1
2025-10-31T10:50:51+01:00 | [criteria] course_id=26, count=1
2025-10-31T10:54:42+01:00 | [criteria] course_id=26, count=1
2025-10-31T10:55:36+01:00 | [criteria] course_id=26, count=1
2025-10-31T10:55:46+01:00 | [criteria] course_id=26, count=1
2025-10-31T10:56:03+01:00 | [criteria] course_id=26, count=1
2025-10-31T10:56:54+01:00 | [criteria] course_id=26, count=2
2025-10-31T10:57:12+01:00 | [criteria] course_id=26, count=2
2025-10-31T10:58:12+01:00 | [criteria] course_id=26, count=3
2025-10-31T10:58:33+01:00 | [criteria] course_id=26, count=3
2025-10-31T10:58:46+01:00 | [criteria] course_id=26, count=3
2025-10-31T10:59:43+01:00 | [criteria] course_id=26, count=4
2025-10-31T10:59:57+01:00 | [criteria] course_id=26, count=4
2025-10-31T11:00:08+01:00 | [criteria] course_id=26, count=4
2025-10-31T11:00:16+01:00 | [manage-grades] section_id=63, course_id=26, assessments=8, displayAssessments=8
2025-10-31T11:05:06+01:00 | [manage-grades] section_id=63, course_id=26, assessments=8, displayAssessments=8
2025-10-31T11:06:36+01:00 | [manage-grades] section_id=63, course_id=26, assessments=8, displayAssessments=8
2025-10-31T11:12:13+01:00 | [manage-grades] section_id=63, course_id=26, assessments=8, displayAssessments=8
2025-10-31T11:14:18+01:00 | [manage-grades] section_id=63, course_id=26, assessments=8, displayAssessments=8
2025-10-31T11:14:33+01:00 | [manage-grades] section_id=63, course_id=26, assessments=8, displayAssessments=8
2025-10-31T11:14:45+01:00 | [manage-grades] section_id=63, course_id=26, assessments=8, displayAssessments=8
2025-10-31T11:14:48+01:00 | [criteria] course_id=26, count=4
2025-10-31T11:14:52+01:00 | [manage-grades] section_id=63, course_id=26, assessments=8, displayAssessments=8
2025-10-31T11:16:54+01:00 | [manage-grades] section_id=63, course_id=26, assessments=8, displayAssessments=8
2025-10-31T11:16:55+01:00 | [criteria] course_id=26, count=4
2025-10-31T11:17:11+01:00 | [manage-grades] section_id=63, course_id=26, assessments=8, displayAssessments=8
2025-10-31T11:17:14+01:00 | [manage-grades] section_id=63, course_id=26, assessments=8, displayAssessments=8
2025-10-31T11:17:15+01:00 | [manage-grades] section_id=63, course_id=26, assessments=8, displayAssessments=8
2025-10-31T11:18:09+01:00 | [manage-grades] section_id=63, course_id=26, assessments=8, displayAssessments=8
2025-10-31T11:18:14+01:00 | [criteria] course_id=26, count=4
2025-10-31T11:18:23+01:00 | [manage-grades] section_id=63, course_id=26, assessments=8, displayAssessments=8
2025-10-31T11:19:22+01:00 | [manage-grades] section_id=63, course_id=26, assessments=8, displayAssessments=8
2025-10-31T11:19:58+01:00 | [manage-grades] section_id=63, course_id=26, assessments=8, displayAssessments=8
2025-10-31T11:20:01+01:00 | [criteria] course_id=26, count=4
2025-10-31T11:21:03+01:00 | [criteria] course_id=26, count=4
2025-10-31T12:26:26+01:00 | [manage-grades] section_id=63, course_id=26, assessments=8, displayAssessments=8
2025-10-31T12:28:30+01:00 | [manage-grades] section_id=63, course_id=26, assessments=8, displayAssessments=8
2025-10-31T12:28:31+01:00 | [manage-grades] section_id=63, course_id=26, assessments=8, displayAssessments=8
2025-10-31T12:28:31+01:00 | [manage-grades] section_id=63, course_id=26, assessments=8, displayAssessments=8
2025-10-31T12:29:03+01:00 | [manage-grades] section_id=63, course_id=26, assessments=8, displayAssessments=8
2025-10-31T12:29:03+01:00 | [manage-grades] section_id=63, course_id=26, assessments=8, displayAssessments=8
2025-10-31T12:33:44+01:00 | [manage-grades] section_id=63, course_id=26, assessments=8, displayAssessments=8
2025-10-31T12:34:26+01:00 | [manage-grades] section_id=63, course_id=26, assessments=8, displayAssessments=8
2025-10-31T12:34:27+01:00 | [manage-grades] section_id=63, course_id=26, assessments=8, displayAssessments=8
2025-10-31T12:34:40+01:00 | [manage-grades] section_id=63, course_id=26, assessments=8, displayAssessments=8
2025-10-31T12:34:40+01:00 | [manage-grades] section_id=63, course_id=26, assessments=8, displayAssessments=8
2025-10-31T12:34:50+01:00 | [manage-grades] section_id=63, course_id=26, assessments=8, displayAssessments=8
2025-10-31T12:38:04+01:00 | [manage-grades] section_id=63, course_id=26, assessments=8, displayAssessments=8
2025-10-31T12:38:05+01:00 | [manage-grades] section_id=63, course_id=26, assessments=8, displayAssessments=8
2025-10-31T12:38:48+01:00 | [manage-grades] section_id=63, course_id=26, assessments=8, displayAssessments=8
2025-10-31T12:38:49+01:00 | [manage-grades] section_id=63, course_id=26, assessments=8, displayAssessments=8
2025-10-31T12:39:22+01:00 | [manage-grades] section_id=63, course_id=26, assessments=8, displayAssessments=8
2025-10-31T12:39:22+01:00 | [manage-grades] section_id=63, course_id=26, assessments=8, displayAssessments=8
2025-10-31T12:39:37+01:00 | [manage-grades] section_id=63, course_id=26, assessments=8, displayAssessments=8
2025-10-31T12:39:37+01:00 | [manage-grades] section_id=63, course_id=26, assessments=8, displayAssessments=8
2025-10-31T12:39:38+01:00 | [manage-grades] section_id=63, course_id=26, assessments=8, displayAssessments=8
2025-10-31T12:43:31+01:00 | [manage-grades] section_id=63, course_id=26, assessments=8, displayAssessments=8
2025-10-31T12:46:45+01:00 | [manage-grades] section_id=63, course_id=26, assessments=8, displayAssessments=8
2025-10-31T12:46:52+01:00 | [manage-grades] section_id=63, course_id=26, assessments=8, displayAssessments=8
2025-10-31T12:46:52+01:00 | [manage-grades] section_id=63, course_id=26, assessments=8, displayAssessments=8
2025-10-31T12:46:52+01:00 | [manage-grades] section_id=63, course_id=26, assessments=8, displayAssessments=8
2025-10-31T12:46:52+01:00 | [manage-grades] section_id=63, course_id=26, assessments=8, displayAssessments=8
2025-10-31T12:46:53+01:00 | [manage-grades] section_id=63, course_id=26, assessments=8, displayAssessments=8
2025-10-31T12:52:12+01:00 | [manage-grades] section_id=63, course_id=26, assessments=8, displayAssessments=8
2025-10-31T12:52:29+01:00 | [manage-grades] section_id=63, course_id=26, assessments=8, displayAssessments=8
2025-10-31T12:52:29+01:00 | [manage-grades] section_id=63, course_id=26, assessments=8, displayAssessments=8
2025-10-31T12:52:59+01:00 | [criteria] course_id=26, count=4
2025-10-31T12:55:01+01:00 | [criteria] course_id=26, count=4
2025-10-31T12:55:27+01:00 | [criteria] course_id=26, count=5
2025-10-31T12:55:43+01:00 | [criteria] course_id=26, count=6
2025-10-31T12:55:56+01:00 | [criteria] course_id=26, count=7
2025-10-31T12:56:13+01:00 | [criteria] course_id=26, count=7
2025-10-31T12:56:39+01:00 | [criteria] course_id=26, count=7
2025-10-31T12:56:51+01:00 | [criteria] course_id=26, count=7
2025-10-31T12:57:00+01:00 | [criteria] course_id=26, count=7
2025-10-31T12:57:03+01:00 | [manage-grades] section_id=63, course_id=26, assessments=12, displayAssessments=12
2025-10-31T13:00:59+01:00 | [manage-grades] section_id=63, course_id=26, assessments=12, displayAssessments=12
2025-10-31T13:01:41+01:00 | [manage-grades] section_id=63, course_id=26, assessments=12, displayAssessments=12
2025-10-31T13:03:27+01:00 | [manage-grades] section_id=63, course_id=26, assessments=12, displayAssessments=12
2025-10-31T13:03:43+01:00 | [manage-grades] section_id=63, course_id=26, assessments=12, displayAssessments=12
2025-10-31T13:06:05+01:00 | [manage-grades] section_id=63, course_id=26, assessments=12, displayAssessments=12
2025-10-31T13:06:13+01:00 | [manage-grades] section_id=63, course_id=26, assessments=12, displayAssessments=12
2025-10-31T13:06:14+01:00 | [manage-grades] section_id=63, course_id=26, assessments=12, displayAssessments=12
2025-10-31T13:06:32+01:00 | [criteria] course_id=26, count=7
2025-10-31T13:07:40+01:00 | [manage-grades] section_id=63, course_id=26, assessments=12, displayAssessments=12
2025-10-31T13:16:14+01:00 | [manage-grades] section_id=63, course_id=26, assessments=12, displayAssessments=12
2025-10-31T13:18:57+01:00 | [manage-grades] section_id=63, course_id=26, assessments=12, displayAssessments=12
2025-10-31T13:19:59+01:00 | [manage-grades] section_id=63, course_id=26, assessments=12, displayAssessments=12
2025-10-31T13:20:00+01:00 | [manage-grades] section_id=63, course_id=26, assessments=12, displayAssessments=12
2025-10-31T13:21:52+01:00 | [manage-grades] section_id=63, course_id=26, assessments=20, displayAssessments=20
2025-10-31T13:21:52+01:00 | [manage-grades] section_id=63, course_id=26, assessments=20, displayAssessments=20
2025-10-31T13:22:13+01:00 | [criteria] course_id=26, count=11
2025-10-31T13:22:20+01:00 | [criteria] course_id=26, count=11
2025-10-31T13:22:26+01:00 | [criteria] course_id=26, count=11
2025-10-31T13:22:36+01:00 | [manage-grades] section_id=63, course_id=26, assessments=20, displayAssessments=20
2025-10-31T13:26:32+01:00 | [manage-grades] section_id=63, course_id=26, assessments=20, displayAssessments=20
2025-10-31T13:28:31+01:00 | [manage-grades] section_id=63, course_id=26, assessments=20, displayAssessments=20
2025-10-31T13:28:48+01:00 | [manage-grades] section_id=63, course_id=26, assessments=20, displayAssessments=20
2025-10-31T13:28:49+01:00 | [manage-grades] section_id=63, course_id=26, assessments=20, displayAssessments=20
2025-10-31T13:28:50+01:00 | [manage-grades] section_id=63, course_id=26, assessments=20, displayAssessments=20
2025-10-31T13:28:50+01:00 | [manage-grades] section_id=63, course_id=26, assessments=20, displayAssessments=20
2025-10-31T13:33:44+01:00 | [manage-grades] section_id=63, course_id=26, assessments=20, displayAssessments=20
2025-10-31T13:38:51+01:00 | [manage-grades] section_id=63, course_id=26, assessments=20, displayAssessments=20
2025-10-31T13:40:06+01:00 | [manage-grades] section_id=63, course_id=26, assessments=20, displayAssessments=20
2025-10-31T13:40:06+01:00 | [manage-grades] section_id=63, course_id=26, assessments=20, displayAssessments=20
2025-10-31T13:40:07+01:00 | [manage-grades] section_id=63, course_id=26, assessments=20, displayAssessments=20
2025-10-31T13:40:17+01:00 | [manage-grades] section_id=63, course_id=26, assessments=20, displayAssessments=20
2025-10-31T13:40:20+01:00 | [criteria] course_id=26, count=11
2025-10-31T13:40:30+01:00 | [criteria] course_id=26, count=10
2025-10-31T13:40:59+01:00 | [criteria] course_id=26, count=10
2025-10-31T13:41:09+01:00 | [criteria] course_id=26, count=9
2025-10-31T13:41:15+01:00 | [criteria] course_id=26, count=8
2025-10-31T13:41:19+01:00 | [criteria] course_id=26, count=7
2025-10-31T13:41:42+01:00 | [criteria] course_id=26, count=8
2025-10-31T13:41:54+01:00 | [criteria] course_id=26, count=8
2025-10-31T13:41:57+01:00 | [manage-grades] section_id=63, course_id=26, assessments=13, displayAssessments=13
2025-10-31T13:49:36+01:00 | [manage-grades] section_id=63, course_id=26, assessments=13, displayAssessments=13
2025-10-31T14:07:02+01:00 | [manage-grades] section_id=63, course_id=26, assessments=13, displayAssessments=13
2025-10-31T14:07:03+01:00 | [manage-grades] section_id=63, course_id=26, assessments=13, displayAssessments=13
2025-10-31T14:07:16+01:00 | [manage-grades] section_id=63, course_id=26, assessments=13, displayAssessments=13
2025-10-31T14:07:16+01:00 | [manage-grades] section_id=63, course_id=26, assessments=13, displayAssessments=13
2025-10-31T14:07:17+01:00 | [manage-grades] section_id=63, course_id=26, assessments=13, displayAssessments=13
2025-10-31T14:08:05+01:00 | [manage-grades] section_id=63, course_id=26, assessments=13, displayAssessments=13
2025-10-31T14:08:08+01:00 | [manage-grades] section_id=63, course_id=26, assessments=13, displayAssessments=13
2025-10-31T14:09:34+01:00 | [manage-grades] section_id=63, course_id=26, assessments=13, displayAssessments=13
2025-10-31T14:11:24+01:00 | [manage-grades] section_id=63, course_id=26, assessments=13, displayAssessments=13
2025-10-31T14:11:31+01:00 | [manage-grades] section_id=63, course_id=26, assessments=13, displayAssessments=13
2025-10-31T14:12:31+01:00 | [manage-grades] section_id=63, course_id=26, assessments=13, displayAssessments=13
2025-10-31T14:13:11+01:00 | [manage-grades] section_id=63, course_id=26, assessments=13, displayAssessments=13
2025-10-31T14:15:19+01:00 | [manage-grades] section_id=63, course_id=26, assessments=13, displayAssessments=13
2025-10-31T14:45:21+01:00 | [manage-grades] section_id=63, course_id=26, assessments=13, displayAssessments=13
2025-10-31T14:45:25+01:00 | [manage-grades] section_id=63, course_id=26, assessments=13, displayAssessments=13
2025-10-31T14:45:32+01:00 | [manage-grades] section_id=63, course_id=26, assessments=13, displayAssessments=13
2025-10-31T14:45:38+01:00 | [manage-grades] section_id=63, course_id=26, assessments=13, displayAssessments=13
2025-10-31T14:48:09+01:00 | [manage-grades] section_id=63, course_id=26, assessments=13, displayAssessments=13
2025-10-31T14:50:58+01:00 | [manage-grades] section_id=63, course_id=26, assessments=13, displayAssessments=13
2025-10-31T14:51:11+01:00 | [manage-grades] section_id=63, course_id=26, assessments=13, displayAssessments=13
2025-10-31T14:51:29+01:00 | [manage-grades] section_id=63, course_id=26, assessments=13, displayAssessments=13
2025-10-31T14:51:45+01:00 | [manage-grades] section_id=63, course_id=26, assessments=13, displayAssessments=13
2025-10-31T14:55:21+01:00 | [manage-grades] section_id=63, course_id=26, assessments=13, displayAssessments=13
2025-10-31T14:55:27+01:00 | [manage-grades] section_id=63, course_id=26, assessments=13, displayAssessments=13
2025-10-31T14:55:36+01:00 | Failed to process grades: Invalid IDs in payload: enrollment:null
Payload: {"376":{"110":{"grade":""}},"377":{"110":{"grade":""}},"null":[]}
2025-10-31T14:55:42+01:00 | Failed to process grades: Invalid IDs in payload: enrollment:null
Payload: {"376":{"110":{"grade":""}},"377":{"110":{"grade":""}},"null":[]}
2025-10-31T14:58:05+01:00 | [manage-grades] section_id=63, course_id=26, assessments=13, displayAssessments=13
2025-10-31T14:58:15+01:00 | [manage-grades] section_id=63, course_id=26, assessments=13, displayAssessments=13
2025-10-31T15:00:11+01:00 | [manage-grades] section_id=63, course_id=26, assessments=13, displayAssessments=13
2025-10-31T15:00:32+01:00 | [criteria] course_id=26, count=8
2025-10-31T15:00:39+01:00 | [manage-grades] section_id=63, course_id=26, assessments=13, displayAssessments=13
2025-10-31T15:00:41+01:00 | [manage-grades] section_id=63, course_id=26, assessments=13, displayAssessments=13
2025-10-31T16:21:06+01:00 | [manage-grades] section_id=63, course_id=26, assessments=13, displayAssessments=13
2025-10-31T16:23:33+01:00 | [manage-grades] section_id=63, course_id=26, assessments=13, displayAssessments=13
2025-10-31T16:29:46+01:00 | [manage-grades] section_id=63, course_id=26, assessments=13, displayAssessments=13
2025-10-31T16:29:48+01:00 | [manage-grades] section_id=63, course_id=26, assessments=13, displayAssessments=13
2025-10-31T16:30:11+01:00 | [manage-grades] section_id=63, course_id=26, assessments=13, displayAssessments=13
2025-10-31T16:30:13+01:00 | [manage-grades] section_id=63, course_id=26, assessments=13, displayAssessments=13
2025-10-31T17:38:03+01:00 | [manage-grades] section_id=63, course_id=26, assessments=13, displayAssessments=13
2025-10-31T17:38:09+01:00 | [manage-grades] section_id=63, course_id=26, assessments=13, displayAssessments=13
2025-10-31T17:40:08+01:00 | [manage-grades] section_id=63, course_id=26, assessments=13, displayAssessments=13
2025-10-31T17:44:08+01:00 | [manage-grades] section_id=63, course_id=26, assessments=13, displayAssessments=13
2025-10-31T18:07:27+01:00 | [manage-grades] section_id=63, course_id=26, assessments=13, displayAssessments=13
2025-10-31T18:08:16+01:00 | [manage-grades] section_id=63, course_id=26, assessments=13, displayAssessments=13
2025-10-31T18:08:35+01:00 | [manage-grades] section_id=63, course_id=26, assessments=13, displayAssessments=13
2025-11-01T03:11:04+01:00 | [manage-grades] section_id=63, course_id=26, assessments=13, displayAssessments=13
2025-11-01T03:11:16+01:00 | [manage-grades] section_id=63, course_id=26, assessments=13, displayAssessments=13
2025-11-01T03:22:55+01:00 | [manage-grades] section_id=63, course_id=26, assessments=13, displayAssessments=13
2025-11-01T03:40:37+01:00 | [manage-grades] section_id=37, course_id=15, assessments=3, displayAssessments=3
2025-11-01T03:41:05+01:00 | [manage-grades] section_id=37, course_id=15, assessments=3, displayAssessments=3
2025-11-01T03:43:19+01:00 | [manage-grades] section_id=37, course_id=15, assessments=3, displayAssessments=3
2025-11-01T03:44:12+01:00 | [criteria] course_id=15, count=3
2025-11-01T03:44:28+01:00 | [criteria] course_id=15, count=3
2025-11-01T03:44:54+01:00 | [criteria] course_id=15, count=3
2025-11-01T03:45:01+01:00 | [criteria] course_id=15, count=3
2025-11-01T03:53:53+01:00 | [criteria] course_id=15, count=0
2025-11-01T03:54:11+01:00 | [manage-grades] section_id=37, course_id=15, assessments=0, displayAssessments=0
2025-11-01T07:23:52+01:00 | [manage-grades] section_id=1, course_id=34, assessments=0, displayAssessments=0
2025-11-01T07:23:55+01:00 | [criteria] course_id=34, count=0
2025-11-01T07:24:13+01:00 | [criteria] course_id=34, count=1
2025-11-01T07:24:44+01:00 | [criteria] course_id=34, count=2
2025-11-01T07:25:06+01:00 | [criteria] course_id=34, count=3
2025-11-01T07:25:27+01:00 | [criteria] course_id=34, count=3
2025-11-01T07:25:37+01:00 | [criteria] course_id=34, count=3
2025-11-01T07:25:54+01:00 | [criteria] course_id=34, count=3
2025-11-01T07:26:04+01:00 | [criteria] course_id=34, count=3
2025-11-01T07:26:06+01:00 | [manage-grades] section_id=1, course_id=34, assessments=12, displayAssessments=12
2025-11-01T07:26:53+01:00 | [criteria] course_id=34, count=9
2025-11-01T13:13:07+01:00 | [manage-grades] section_id=1, course_id=34, assessments=12, displayAssessments=12
2025-11-01T13:13:16+01:00 | [criteria] course_id=34, count=9
2025-11-01T14:29:43+01:00 | [manage-grades] section_id=1, course_id=34, assessments=12, displayAssessments=12
2025-11-01T14:29:49+01:00 | [manage-grades] section_id=1, course_id=34, assessments=12, displayAssessments=12
2025-11-01T14:29:58+01:00 | [manage-grades] section_id=1, course_id=34, assessments=12, displayAssessments=12
2025-11-01T14:53:10+01:00 | [manage-grades] section_id=1, course_id=34, assessments=12, displayAssessments=12
2025-11-01T14:59:11+01:00 | [manage-grades] section_id=1, course_id=34, assessments=12, displayAssessments=12
2025-11-01T15:00:48+01:00 | [manage-grades] section_id=1, course_id=34, assessments=12, displayAssessments=12
2025-11-01T16:42:53+01:00 | [manage-grades] section_id=878, course_id=138, assessments=0, displayAssessments=0
2025-11-01T16:45:30+01:00 | [criteria] course_id=138, count=0
2025-11-02T09:47:54+01:00 | [manage-grades] section_id=876, course_id=136, assessments=0, displayAssessments=0
2025-11-02T09:51:26+01:00 | [manage-grades] section_id=876, course_id=136, assessments=0, displayAssessments=0
2025-11-02T09:51:53+01:00 | [manage-grades] section_id=876, course_id=136, assessments=0, displayAssessments=0
2025-11-02T09:53:11+01:00 | [criteria] course_id=138, count=0
2025-11-02T09:53:32+01:00 | [criteria] course_id=138, count=1
2025-11-02T09:53:43+01:00 | [criteria] course_id=138, count=1
2025-11-02T09:54:11+01:00 | [manage-grades] section_id=876, course_id=136, assessments=0, displayAssessments=0
2025-11-02T10:00:45+01:00 | [manage-grades] section_id=876, course_id=136, assessments=0, displayAssessments=0
2025-11-02T10:00:47+01:00 | [criteria] course_id=138, count=1
2025-11-02T10:00:57+01:00 | [criteria] course_id=138, count=1
2025-11-02T10:01:06+01:00 | [criteria] course_id=138, count=1
2025-11-02T10:01:13+01:00 | [manage-grades] section_id=878, course_id=138, assessments=6, displayAssessments=6
2025-11-02T10:08:33+01:00 | [manage-grades] section_id=878, course_id=138, assessments=6, displayAssessments=6
2025-11-02T10:11:30+01:00 | [criteria] course_id=138, count=3
2025-11-02T10:11:51+01:00 | [criteria] course_id=138, count=4
2025-11-02T10:12:04+01:00 | [criteria] course_id=138, count=5
2025-11-02T10:12:29+01:00 | [criteria] course_id=138, count=5
2025-11-02T10:12:49+01:00 | [criteria] course_id=138, count=5
2025-11-02T10:12:51+01:00 | [manage-grades] section_id=878, course_id=138, assessments=8, displayAssessments=8
2025-11-02T10:14:48+01:00 | [manage-grades] section_id=878, course_id=138, assessments=8, displayAssessments=8
2025-11-02T10:15:41+01:00 | [criteria] course_id=138, count=5
2025-11-02T10:16:08+01:00 | [criteria] course_id=138, count=6
2025-11-02T10:16:28+01:00 | [criteria] course_id=138, count=7
2025-11-02T10:16:40+01:00 | [criteria] course_id=138, count=7
2025-11-02T10:17:02+01:00 | [criteria] course_id=138, count=7
2025-11-02T10:17:14+01:00 | [criteria] course_id=138, count=7
2025-11-02T10:17:18+01:00 | [manage-grades] section_id=878, course_id=138, assessments=11, displayAssessments=11
2025-11-02T10:18:32+01:00 | [manage-grades] section_id=878, course_id=138, assessments=11, displayAssessments=11
2025-11-02T10:21:24+01:00 | [manage-grades] section_id=878, course_id=138, assessments=11, displayAssessments=11
2025-11-02T10:23:33+01:00 | [manage-grades] section_id=878, course_id=138, assessments=11, displayAssessments=11
2025-11-02T10:24:33+01:00 | [manage-grades] section_id=878, course_id=138, assessments=11, displayAssessments=11
2025-11-02T10:28:16+01:00 | [manage-grades] section_id=878, course_id=138, assessments=11, displayAssessments=11
2025-11-02T10:28:24+01:00 | [manage-grades] section_id=878, course_id=138, assessments=11, displayAssessments=11
2025-11-02T10:28:33+01:00 | [manage-grades] section_id=878, course_id=138, assessments=11, displayAssessments=11
2025-11-02T10:29:20+01:00 | [manage-grades] section_id=876, course_id=136, assessments=0, displayAssessments=0
2025-11-02T10:29:35+01:00 | [manage-grades] section_id=878, course_id=138, assessments=11, displayAssessments=11
2025-11-02T10:29:48+01:00 | [criteria] course_id=138, count=7
2025-11-02T10:30:04+01:00 | [manage-grades] section_id=878, course_id=138, assessments=11, displayAssessments=11
2025-11-02T10:42:22+01:00 | [manage-grades] section_id=878, course_id=138, assessments=11, displayAssessments=11
2025-11-02T10:42:26+01:00 | [manage-grades] section_id=878, course_id=138, assessments=11, displayAssessments=11
2025-11-02T10:47:25+01:00 | [manage-grades] section_id=878, course_id=138, assessments=11, displayAssessments=11
2025-11-02T10:53:14+01:00 | [manage-grades] section_id=878, course_id=138, assessments=11, displayAssessments=11
2025-11-02T10:55:55+01:00 | [manage-grades] section_id=878, course_id=138, assessments=11, displayAssessments=11
2025-11-02T10:56:05+01:00 | [manage-grades] section_id=878, course_id=138, assessments=11, displayAssessments=11
2025-11-02T10:56:15+01:00 | [manage-grades] section_id=878, course_id=138, assessments=11, displayAssessments=11
2025-11-02T10:56:15+01:00 | [manage-grades] section_id=878, course_id=138, assessments=11, displayAssessments=11
2025-11-02T10:56:16+01:00 | [manage-grades] section_id=878, course_id=138, assessments=11, displayAssessments=11
2025-11-02T10:56:16+01:00 | [manage-grades] section_id=878, course_id=138, assessments=11, displayAssessments=11
2025-11-02T10:56:34+01:00 | [manage-grades] section_id=878, course_id=138, assessments=11, displayAssessments=11
2025-11-02T10:57:43+01:00 | [manage-grades] section_id=878, course_id=138, assessments=11, displayAssessments=11
2025-11-02T10:58:25+01:00 | [manage-grades] section_id=878, course_id=138, assessments=11, displayAssessments=11
2025-11-02T10:58:37+01:00 | [manage-grades] section_id=878, course_id=138, assessments=11, displayAssessments=11
2025-11-02T10:58:42+01:00 | [manage-grades] section_id=878, course_id=138, assessments=11, displayAssessments=11
2025-11-02T11:16:19+01:00 | [manage-grades] section_id=878, course_id=138, assessments=11, displayAssessments=11
2025-11-02T13:28:48+01:00 | [manage-grades] section_id=876, course_id=136, assessments=0, displayAssessments=0
2025-11-02T13:32:16+01:00 | [criteria] course_id=138, count=7
2025-11-02T13:32:23+01:00 | [manage-grades] section_id=878, course_id=138, assessments=11, displayAssessments=11
2025-11-02T14:33:31+01:00 | [manage-grades] section_id=878, course_id=138, assessments=11, displayAssessments=11
2025-11-02T14:35:14+01:00 | [criteria] course_id=138, count=7
2025-11-02T14:46:18+01:00 | [manage-grades] section_id=878, course_id=138, assessments=11, displayAssessments=11
2025-11-02T14:47:49+01:00 | [manage-grades] section_id=878, course_id=138, assessments=11, displayAssessments=11
2025-11-02T14:48:07+01:00 | [manage-grades] section_id=878, course_id=138, assessments=11, displayAssessments=11
2025-11-02T15:02:34+01:00 | [manage-grades] section_id=878, course_id=138, assessments=11, displayAssessments=11
2025-11-02T15:02:41+01:00 | [manage-grades] section_id=878, course_id=138, assessments=11, displayAssessments=11
2025-11-02T15:47:54+01:00 | [manage-grades] section_id=878, course_id=138, assessments=11, displayAssessments=11
2025-11-02T15:47:57+01:00 | [manage-grades] section_id=878, course_id=138, assessments=11, displayAssessments=11
2025-11-02T15:48:03+01:00 | [manage-grades] section_id=878, course_id=138, assessments=11, displayAssessments=11
2025-11-02T15:48:08+01:00 | [manage-grades] section_id=878, course_id=138, assessments=11, displayAssessments=11
2025-11-02T15:48:24+01:00 | [manage-grades] section_id=878, course_id=138, assessments=11, displayAssessments=11
2025-11-02T15:51:32+01:00 | [manage-grades] section_id=878, course_id=138, assessments=11, displayAssessments=11
2025-11-02T15:52:13+01:00 | [manage-grades] section_id=878, course_id=138, assessments=11, displayAssessments=11
2025-11-02T15:57:53+01:00 | [manage-grades] section_id=878, course_id=138, assessments=11, displayAssessments=11
2025-11-02T16:00:41+01:00 | [manage-grades] section_id=878, course_id=138, assessments=11, displayAssessments=11
2025-11-02T16:00:52+01:00 | [manage-grades] section_id=878, course_id=138, assessments=11, displayAssessments=11
2025-11-02T16:01:02+01:00 | [manage-grades] section_id=878, course_id=138, assessments=11, displayAssessments=11
2025-11-02T16:11:43+01:00 | [manage-grades] section_id=878, course_id=138, assessments=11, displayAssessments=11
2025-11-02T16:11:45+01:00 | [manage-grades] section_id=878, course_id=138, assessments=11, displayAssessments=11
2025-11-02T16:11:54+01:00 | [manage-grades] section_id=878, course_id=138, assessments=11, displayAssessments=11
2025-11-02T16:12:14+01:00 | [manage-grades] section_id=878, course_id=138, assessments=11, displayAssessments=11
2025-11-02T16:12:21+01:00 | [manage-grades] section_id=878, course_id=138, assessments=11, displayAssessments=11
2025-11-02T16:13:02+01:00 | [manage-grades] section_id=878, course_id=138, assessments=11, displayAssessments=11
2025-11-02T16:13:22+01:00 | [manage-grades] section_id=878, course_id=138, assessments=11, displayAssessments=11
2025-11-02T16:15:08+01:00 | [manage-grades] section_id=878, course_id=138, assessments=11, displayAssessments=11
2025-11-02T16:16:21+01:00 | [manage-grades] section_id=878, course_id=138, assessments=11, displayAssessments=11
2025-11-02T16:16:27+01:00 | [manage-grades] section_id=878, course_id=138, assessments=11, displayAssessments=11
2025-11-02T16:16:45+01:00 | [manage-grades] section_id=878, course_id=138, assessments=11, displayAssessments=11
2025-11-02T16:17:16+01:00 | [manage-grades] section_id=878, course_id=138, assessments=11, displayAssessments=11
2025-11-02T16:17:43+01:00 | [manage-grades] section_id=878, course_id=138, assessments=11, displayAssessments=11
2025-11-02T16:23:20+01:00 | [manage-grades] section_id=878, course_id=138, assessments=11, displayAssessments=11
2025-11-02T16:23:31+01:00 | [manage-grades] section_id=878, course_id=138, assessments=11, displayAssessments=11
2025-11-02T16:23:35+01:00 | [manage-grades] section_id=878, course_id=138, assessments=11, displayAssessments=11
2025-11-02T16:23:43+01:00 | [manage-grades] section_id=878, course_id=138, assessments=11, displayAssessments=11
2025-11-02T16:23:53+01:00 | [manage-grades] section_id=878, course_id=138, assessments=11, displayAssessments=11
2025-11-02T16:25:51+01:00 | [manage-grades] section_id=878, course_id=138, assessments=11, displayAssessments=11
2025-11-02T16:26:09+01:00 | [manage-grades] section_id=878, course_id=138, assessments=11, displayAssessments=11
2025-11-02T16:26:17+01:00 | [manage-grades] section_id=878, course_id=138, assessments=11, displayAssessments=11
2025-11-02T16:27:22+01:00 | [manage-grades] section_id=878, course_id=138, assessments=11, displayAssessments=11
2025-11-02T16:27:32+01:00 | [manage-grades] section_id=878, course_id=138, assessments=11, displayAssessments=11
2025-11-02T16:28:44+01:00 | [manage-grades] section_id=878, course_id=138, assessments=11, displayAssessments=11
2025-11-02T16:28:49+01:00 | [manage-grades] section_id=878, course_id=138, assessments=11, displayAssessments=11
2025-11-02T16:29:01+01:00 | [manage-grades] section_id=878, course_id=138, assessments=11, displayAssessments=11
2025-11-02T16:30:06+01:00 | [manage-grades] section_id=878, course_id=138, assessments=11, displayAssessments=11
2025-11-02T16:30:17+01:00 | [manage-grades] section_id=878, course_id=138, assessments=11, displayAssessments=11
2025-11-02T16:31:22+01:00 | [manage-grades] section_id=878, course_id=138, assessments=11, displayAssessments=11
2025-11-02T16:33:20+01:00 | [manage-grades] section_id=878, course_id=138, assessments=11, displayAssessments=11
2025-11-02T16:33:36+01:00 | [manage-grades] section_id=878, course_id=138, assessments=11, displayAssessments=11
2025-11-02T17:08:19+01:00 | [manage-grades] section_id=878, course_id=138, assessments=11, displayAssessments=11
2025-11-02T17:08:30+01:00 | [manage-grades] section_id=878, course_id=138, assessments=11, displayAssessments=11
2025-11-02T17:17:44+01:00 | [manage-grades] section_id=878, course_id=138, assessments=11, displayAssessments=11
2025-11-02T17:17:57+01:00 | [manage-grades] section_id=878, course_id=138, assessments=11, displayAssessments=11
2025-11-02T17:18:22+01:00 | [manage-grades] section_id=878, course_id=138, assessments=11, displayAssessments=11
2025-11-02T17:18:34+01:00 | [manage-grades] section_id=878, course_id=138, assessments=11, displayAssessments=11
2025-11-02T17:19:11+01:00 | [manage-grades] section_id=878, course_id=138, assessments=11, displayAssessments=11
2025-11-02T17:24:32+01:00 | [manage-grades] section_id=878, course_id=138, assessments=11, displayAssessments=11
2025-11-02T17:24:40+01:00 | [manage-grades] section_id=878, course_id=138, assessments=11, displayAssessments=11
2025-11-03T05:49:58+01:00 | [manage-grades] section_id=876, course_id=136, assessments=0, displayAssessments=0
2025-11-03T05:50:07+01:00 | [manage-grades] section_id=876, course_id=136, assessments=0, displayAssessments=0
2025-11-03T05:51:06+01:00 | [manage-grades] section_id=878, course_id=138, assessments=11, displayAssessments=11
2025-11-03T05:52:07+01:00 | [manage-grades] section_id=878, course_id=138, assessments=11, displayAssessments=11
2025-11-03T05:53:58+01:00 | [manage-grades] section_id=878, course_id=138, assessments=11, displayAssessments=11
2025-11-03T05:54:11+01:00 | [manage-grades] section_id=878, course_id=138, assessments=11, displayAssessments=11
2025-11-03T05:54:41+01:00 | [manage-grades] section_id=878, course_id=138, assessments=11, displayAssessments=11
2025-11-03T05:59:19+01:00 | [manage-grades] section_id=878, course_id=138, assessments=11, displayAssessments=11
2025-11-03T06:01:20+01:00 | [manage-grades] section_id=878, course_id=138, assessments=11, displayAssessments=11
2025-11-03T06:02:05+01:00 | [manage-grades] section_id=878, course_id=138, assessments=11, displayAssessments=11
2025-11-03T06:02:17+01:00 | [manage-grades] section_id=878, course_id=138, assessments=11, displayAssessments=11
2025-11-03T06:02:56+01:00 | [manage-grades] section_id=878, course_id=138, assessments=11, displayAssessments=11
2025-11-03T06:02:57+01:00 | [manage-grades] section_id=878, course_id=138, assessments=11, displayAssessments=11
2025-11-03T06:13:38+01:00 | [manage-grades] section_id=878, course_id=138, assessments=11, displayAssessments=11
2025-11-03T06:17:25+01:00 | [manage-grades] section_id=878, course_id=138, assessments=11, displayAssessments=11
2025-11-03T06:17:36+01:00 | [manage-grades] section_id=878, course_id=138, assessments=11, displayAssessments=11
2025-11-03T06:17:48+01:00 | [manage-grades] section_id=878, course_id=138, assessments=11, displayAssessments=11
2025-11-03T06:18:00+01:00 | [manage-grades] section_id=878, course_id=138, assessments=11, displayAssessments=11
2025-11-03T06:18:09+01:00 | [manage-grades] section_id=878, course_id=138, assessments=11, displayAssessments=11
2025-11-03T06:18:22+01:00 | [manage-grades] section_id=878, course_id=138, assessments=11, displayAssessments=11
2025-11-03T06:22:42+01:00 | [manage-grades] section_id=878, course_id=138, assessments=11, displayAssessments=11
2025-11-03T06:23:01+01:00 | [manage-grades] section_id=878, course_id=138, assessments=11, displayAssessments=11
2025-11-03T06:23:03+01:00 | [manage-grades] section_id=878, course_id=138, assessments=11, displayAssessments=11
2025-11-03T06:23:54+01:00 | [manage-grades] section_id=878, course_id=138, assessments=11, displayAssessments=11
2025-11-03T06:23:55+01:00 | [manage-grades] section_id=878, course_id=138, assessments=11, displayAssessments=11
2025-11-03T06:26:35+01:00 | [manage-grades] section_id=878, course_id=138, assessments=11, displayAssessments=11
2025-11-03T06:26:36+01:00 | [manage-grades] section_id=878, course_id=138, assessments=11, displayAssessments=11
2025-11-03T06:27:32+01:00 | [manage-grades] section_id=878, course_id=138, assessments=11, displayAssessments=11
2025-11-03T06:27:42+01:00 | [manage-grades] section_id=878, course_id=138, assessments=11, displayAssessments=11
2025-11-03T06:29:37+01:00 | [manage-grades] section_id=878, course_id=138, assessments=11, displayAssessments=11
2025-11-03T06:29:47+01:00 | [manage-grades] section_id=878, course_id=138, assessments=11, displayAssessments=11
2025-11-03T06:30:42+01:00 | [manage-grades] section_id=878, course_id=138, assessments=11, displayAssessments=11
2025-11-03T06:30:52+01:00 | [manage-grades] section_id=878, course_id=138, assessments=11, displayAssessments=11
2025-11-03T06:31:38+01:00 | [manage-grades] section_id=878, course_id=138, assessments=11, displayAssessments=11
2025-11-03T06:31:46+01:00 | [manage-grades] section_id=878, course_id=138, assessments=11, displayAssessments=11
2025-11-03T06:31:57+01:00 | [manage-grades] section_id=878, course_id=138, assessments=11, displayAssessments=11
2025-11-03T06:41:05+01:00 | [manage-grades] section_id=878, course_id=138, assessments=11, displayAssessments=11
2025-11-03T06:41:25+01:00 | [manage-grades] section_id=878, course_id=138, assessments=11, displayAssessments=11
2025-11-03T06:49:23+01:00 | [manage-grades] section_id=878, course_id=138, assessments=11, displayAssessments=11
2025-11-03T06:49:35+01:00 | [manage-grades] section_id=878, course_id=138, assessments=11, displayAssessments=11
2025-11-03T06:51:09+01:00 | [manage-grades] section_id=878, course_id=138, assessments=11, displayAssessments=11
2025-11-03T06:51:29+01:00 | [manage-grades] section_id=878, course_id=138, assessments=11, displayAssessments=11
2025-11-03T06:59:13+01:00 | [manage-grades] section_id=878, course_id=138, assessments=11, displayAssessments=11
2025-11-03T06:59:32+01:00 | [manage-grades] section_id=878, course_id=138, assessments=11, displayAssessments=11
2025-11-03T06:59:38+01:00 | [manage-grades] section_id=878, course_id=138, assessments=11, displayAssessments=11
2025-11-03T07:03:24+01:00 | [manage-grades] section_id=878, course_id=138, assessments=11, displayAssessments=11
2025-11-03T07:03:44+01:00 | [manage-grades] section_id=878, course_id=138, assessments=11, displayAssessments=11
2025-11-03T07:04:04+01:00 | [manage-grades] section_id=878, course_id=138, assessments=11, displayAssessments=11
2025-11-03T07:04:22+01:00 | [manage-grades] section_id=878, course_id=138, assessments=11, displayAssessments=11
2025-11-03T07:09:20+01:00 | [manage-grades] section_id=878, course_id=138, assessments=11, displayAssessments=11
2025-11-03T07:10:38+01:00 | [manage-grades] section_id=878, course_id=138, assessments=11, displayAssessments=11
2025-11-03T07:11:04+01:00 | [manage-grades] section_id=878, course_id=138, assessments=11, displayAssessments=11
2025-11-03T07:28:56+01:00 | [manage-grades] section_id=878, course_id=138, assessments=11, displayAssessments=11
2025-11-03T07:29:12+01:00 | [manage-grades] section_id=878, course_id=138, assessments=11, displayAssessments=11
2025-11-03T07:29:25+01:00 | [manage-grades] section_id=878, course_id=138, assessments=11, displayAssessments=11
2025-11-03T07:37:27+01:00 | [manage-grades] section_id=903, course_id=138, assessments=0, displayAssessments=0
2025-11-03T07:37:34+01:00 | [criteria] course_id=138, count=0
2025-11-03T07:37:58+01:00 | [criteria] course_id=138, count=1
2025-11-03T07:38:09+01:00 | [criteria] course_id=138, count=1
2025-11-03T07:38:21+01:00 | [criteria] course_id=138, count=1
2025-11-03T07:38:32+01:00 | [criteria] course_id=138, count=2
2025-11-03T07:38:47+01:00 | [criteria] course_id=138, count=2
2025-11-03T07:38:55+01:00 | [manage-grades] section_id=903, course_id=138, assessments=9, displayAssessments=9
2025-11-03T07:39:33+01:00 | [manage-grades] section_id=903, course_id=138, assessments=9, displayAssessments=9
2025-11-03T07:39:45+01:00 | [manage-grades] section_id=903, course_id=138, assessments=9, displayAssessments=9
2025-11-03T07:44:37+01:00 | [manage-grades] section_id=903, course_id=138, assessments=9, displayAssessments=9
2025-11-03T07:45:30+01:00 | [manage-grades] section_id=903, course_id=138, assessments=9, displayAssessments=9
2025-11-03T08:11:10+01:00 | [manage-grades] section_id=903, course_id=138, assessments=9, displayAssessments=9
2025-11-03T08:11:29+01:00 | [manage-grades] section_id=903, course_id=138, assessments=9, displayAssessments=9
2025-11-03T08:12:33+01:00 | [manage-grades] section_id=903, course_id=138, assessments=9, displayAssessments=9
2025-11-03T08:12:55+01:00 | [manage-grades] section_id=903, course_id=138, assessments=9, displayAssessments=9
2025-11-03T08:13:08+01:00 | [manage-grades] section_id=903, course_id=138, assessments=9, displayAssessments=9
2025-11-03T08:20:01+01:00 | [manage-grades] section_id=903, course_id=138, assessments=9, displayAssessments=9
2025-11-03T08:21:50+01:00 | [manage-grades] section_id=903, course_id=138, assessments=9, displayAssessments=9
2025-11-03T08:22:59+01:00 | [manage-grades] section_id=903, course_id=138, assessments=9, displayAssessments=9
2025-11-03T08:23:18+01:00 | [manage-grades] section_id=903, course_id=138, assessments=9, displayAssessments=9
2025-11-03T08:23:39+01:00 | [manage-grades] section_id=903, course_id=138, assessments=9, displayAssessments=9
2025-11-03T08:23:44+01:00 | [manage-grades] section_id=903, course_id=138, assessments=9, displayAssessments=9
2025-11-03T08:23:51+01:00 | [manage-grades] section_id=903, course_id=138, assessments=9, displayAssessments=9
2025-11-03T08:23:55+01:00 | [manage-grades] section_id=903, course_id=138, assessments=9, displayAssessments=9
2025-11-03T08:24:06+01:00 | [manage-grades] section_id=903, course_id=138, assessments=9, displayAssessments=9
2025-11-03T08:28:06+01:00 | [manage-grades] section_id=903, course_id=138, assessments=9, displayAssessments=9
2025-11-03T08:34:09+01:00 | [manage-grades] section_id=903, course_id=138, assessments=9, displayAssessments=9
2025-11-03T08:34:24+01:00 | [manage-grades] section_id=903, course_id=138, assessments=9, displayAssessments=9
2025-11-03T08:35:55+01:00 | [manage-grades] section_id=903, course_id=138, assessments=9, displayAssessments=9
2025-11-03T08:36:08+01:00 | [manage-grades] section_id=903, course_id=138, assessments=9, displayAssessments=9
2025-11-03T08:37:31+01:00 | [manage-grades] section_id=903, course_id=138, assessments=9, displayAssessments=9
2025-11-03T08:37:42+01:00 | [manage-grades] section_id=903, course_id=138, assessments=9, displayAssessments=9
2025-11-03T08:37:46+01:00 | [manage-grades] section_id=903, course_id=138, assessments=9, displayAssessments=9
2025-11-03T08:37:52+01:00 | [manage-grades] section_id=903, course_id=138, assessments=9, displayAssessments=9
2025-11-03T08:37:59+01:00 | [manage-grades] section_id=903, course_id=138, assessments=9, displayAssessments=9
2025-11-03T08:42:39+01:00 | [manage-grades] section_id=903, course_id=138, assessments=9, displayAssessments=9
2025-11-03T08:43:01+01:00 | [manage-grades] section_id=903, course_id=138, assessments=9, displayAssessments=9
2025-11-03T08:45:56+01:00 | [manage-grades] section_id=903, course_id=138, assessments=9, displayAssessments=9
2025-11-03T08:46:20+01:00 | [manage-grades] section_id=903, course_id=138, assessments=9, displayAssessments=9
2025-11-03T08:46:27+01:00 | [manage-grades] section_id=903, course_id=138, assessments=9, displayAssessments=9
2025-11-03T08:54:22+01:00 | [manage-grades] section_id=903, course_id=138, assessments=9, displayAssessments=9
2025-11-03T08:56:30+01:00 | [manage-grades] section_id=903, course_id=138, assessments=9, displayAssessments=9
2025-11-03T08:57:33+01:00 | [manage-grades] section_id=903, course_id=138, assessments=9, displayAssessments=9
2025-11-03T08:58:00+01:00 | [manage-grades] section_id=903, course_id=138, assessments=9, displayAssessments=9
2025-11-03T09:00:35+01:00 | [manage-grades] section_id=903, course_id=138, assessments=9, displayAssessments=9
2025-11-03T09:01:32+01:00 | [manage-grades] section_id=903, course_id=138, assessments=9, displayAssessments=9
2025-11-03T09:04:20+01:00 | [manage-grades] section_id=903, course_id=138, assessments=9, displayAssessments=9
2025-11-03T09:06:36+01:00 | [manage-grades] section_id=903, course_id=138, assessments=9, displayAssessments=9
2025-11-03T09:06:49+01:00 | [manage-grades] section_id=903, course_id=138, assessments=9, displayAssessments=9
2025-11-03T09:07:15+01:00 | [manage-grades] section_id=903, course_id=138, assessments=9, displayAssessments=9
2025-11-03T09:09:29+01:00 | [manage-grades] section_id=903, course_id=138, assessments=9, displayAssessments=9
2025-11-03T09:10:12+01:00 | [manage-grades] section_id=903, course_id=138, assessments=9, displayAssessments=9
2025-11-03T09:10:23+01:00 | [manage-grades] section_id=903, course_id=138, assessments=9, displayAssessments=9
2025-11-03T11:03:46+01:00 | [manage-grades] section_id=912, course_id=226, assessments=6, displayAssessments=6
2025-11-03T11:03:52+01:00 | [manage-grades] section_id=912, course_id=226, assessments=6, displayAssessments=6
2025-11-03T11:13:53+01:00 | [manage-grades] section_id=905, course_id=369, assessments=0, displayAssessments=0
2025-11-03T11:15:24+01:00 | [manage-grades] section_id=912, course_id=226, assessments=6, displayAssessments=6
2025-11-03T11:18:36+01:00 | [manage-grades] section_id=912, course_id=226, assessments=6, displayAssessments=6
2025-11-03T11:21:16+01:00 | [manage-grades] section_id=912, course_id=226, assessments=6, displayAssessments=6
2025-11-03T11:44:51+01:00 | Failed to process grades: Invalid IDs in payload: enrollment:8656, enrollment:8664, enrollment:8672, enrollment:8680, enrollment:8688, enrollment:8696, enrollment:8704, enrollment:8712, enrollment:8720, enrollment:8728, enrollment:8736, enrollment:8744, enrollment:8752, enrollment:8760, enrollment:8768, enrollment:8776, enrollment:8784, enrollment:8792, enrollment:8800, enrollment:8808, enrollment:9537
Payload: {"8656":{"115":{"grade":""},"116":{"grade":""}},"8664":{"115":{"grade":""},"116":{"grade":""}},"8672":{"115":{"grade":""},"116":{"grade":""}},"8680":{"115":{"grade":""},"116":{"grade":""}},"8688":{"115":{"grade":""},"116":{"grade":""}},"8696":{"115":{"grade":""},"116":{"grade":""}},"8704":{"115":{"grade":""},"116":{"grade":""}},"8712":{"115":{"grade":""},"116":{"grade":""}},"8720":{"115":{"grade":""},"116":{"grade":""}},"8728":{"115":{"grade":""},"116":{"grade":""}},"8736":{"115":{"grade":""},"116":{"grade":""}},"8744":{"115":{"grade":""},"116":{"grade":""}},"8752":{"115":{"grade":""},"116":{"grade":""}},"8760":{"115":{"grade":""},"116":{"grade":""}},"8768":{"115":{"grade":""},"116":{"grade":""}},"8776":{"115":{"grade":""},"116":{"grade":""}},"8784":{"115":{"grade":""},"116":{"grade":""}},"8792":{"115":{"grade":""},"116":{"grade":""}},"8800":{"115":{"grade":""},"116":{"grade":""}},"8808":{"115":{"grade":""},"116":{"grade":""}},"9537":{"115":{"grade":""},"116":{"grade":""}}}
2025-11-03T11:44:52+01:00 | Failed to process grades: Invalid IDs in payload: enrollment:8656, enrollment:8664, enrollment:8672, enrollment:8680, enrollment:8688, enrollment:8696, enrollment:8704, enrollment:8712, enrollment:8720, enrollment:8728, enrollment:8736, enrollment:8744, enrollment:8752, enrollment:8760, enrollment:8768, enrollment:8776, enrollment:8784, enrollment:8792, enrollment:8800, enrollment:8808, enrollment:9537
Payload: {"8656":{"115":{"grade":""},"116":{"grade":""}},"8664":{"115":{"grade":""},"116":{"grade":""}},"8672":{"115":{"grade":""},"116":{"grade":""}},"8680":{"115":{"grade":""},"116":{"grade":""}},"8688":{"115":{"grade":""},"116":{"grade":""}},"8696":{"115":{"grade":""},"116":{"grade":""}},"8704":{"115":{"grade":""},"116":{"grade":""}},"8712":{"115":{"grade":""},"116":{"grade":""}},"8720":{"115":{"grade":""},"116":{"grade":""}},"8728":{"115":{"grade":""},"116":{"grade":""}},"8736":{"115":{"grade":""},"116":{"grade":""}},"8744":{"115":{"grade":""},"116":{"grade":""}},"8752":{"115":{"grade":""},"116":{"grade":""}},"8760":{"115":{"grade":""},"116":{"grade":""}},"8768":{"115":{"grade":""},"116":{"grade":""}},"8776":{"115":{"grade":""},"116":{"grade":""}},"8784":{"115":{"grade":""},"116":{"grade":""}},"8792":{"115":{"grade":""},"116":{"grade":""}},"8800":{"115":{"grade":""},"116":{"grade":""}},"8808":{"115":{"grade":""},"116":{"grade":""}},"9537":{"115":{"grade":""},"116":{"grade":""}}}
2025-11-03T11:44:53+01:00 | Failed to process grades: Invalid IDs in payload: enrollment:8656, enrollment:8664, enrollment:8672, enrollment:8680, enrollment:8688, enrollment:8696, enrollment:8704, enrollment:8712, enrollment:8720, enrollment:8728, enrollment:8736, enrollment:8744, enrollment:8752, enrollment:8760, enrollment:8768, enrollment:8776, enrollment:8784, enrollment:8792, enrollment:8800, enrollment:8808, enrollment:9537
Payload: {"8656":{"115":{"grade":""},"116":{"grade":""}},"8664":{"115":{"grade":""},"116":{"grade":""}},"8672":{"115":{"grade":""},"116":{"grade":""}},"8680":{"115":{"grade":""},"116":{"grade":""}},"8688":{"115":{"grade":""},"116":{"grade":""}},"8696":{"115":{"grade":""},"116":{"grade":""}},"8704":{"115":{"grade":""},"116":{"grade":""}},"8712":{"115":{"grade":""},"116":{"grade":""}},"8720":{"115":{"grade":""},"116":{"grade":""}},"8728":{"115":{"grade":""},"116":{"grade":""}},"8736":{"115":{"grade":""},"116":{"grade":""}},"8744":{"115":{"grade":""},"116":{"grade":""}},"8752":{"115":{"grade":""},"116":{"grade":""}},"8760":{"115":{"grade":""},"116":{"grade":""}},"8768":{"115":{"grade":""},"116":{"grade":""}},"8776":{"115":{"grade":""},"116":{"grade":""}},"8784":{"115":{"grade":""},"116":{"grade":""}},"8792":{"115":{"grade":""},"116":{"grade":""}},"8800":{"115":{"grade":""},"116":{"grade":""}},"8808":{"115":{"grade":""},"116":{"grade":""}},"9537":{"115":{"grade":""},"116":{"grade":""}}}
2025-11-03T11:45:03+01:00 | Failed to process grades: Invalid IDs in payload: enrollment:8656, enrollment:8664, enrollment:8672, enrollment:8680, enrollment:8688, enrollment:8696, enrollment:8704, enrollment:8712, enrollment:8720, enrollment:8728, enrollment:8736, enrollment:8744, enrollment:8752, enrollment:8760, enrollment:8768, enrollment:8776, enrollment:8784, enrollment:8792, enrollment:8800, enrollment:8808, enrollment:9537
Payload: {"8656":{"115":{"grade":""},"116":{"grade":""}},"8664":{"115":{"grade":""},"116":{"grade":""}},"8672":{"115":{"grade":""},"116":{"grade":""}},"8680":{"115":{"grade":""},"116":{"grade":""}},"8688":{"115":{"grade":""},"116":{"grade":""}},"8696":{"115":{"grade":""},"116":{"grade":""}},"8704":{"115":{"grade":""},"116":{"grade":""}},"8712":{"115":{"grade":""},"116":{"grade":""}},"8720":{"115":{"grade":""},"116":{"grade":""}},"8728":{"115":{"grade":""},"116":{"grade":""}},"8736":{"115":{"grade":""},"116":{"grade":""}},"8744":{"115":{"grade":""},"116":{"grade":""}},"8752":{"115":{"grade":""},"116":{"grade":""}},"8760":{"115":{"grade":""},"116":{"grade":""}},"8768":{"115":{"grade":""},"116":{"grade":""}},"8776":{"115":{"grade":""},"116":{"grade":""}},"8784":{"115":{"grade":""},"116":{"grade":""}},"8792":{"115":{"grade":""},"116":{"grade":""}},"8800":{"115":{"grade":""},"116":{"grade":""}},"8808":{"115":{"grade":""},"116":{"grade":""}},"9537":{"115":{"grade":""},"116":{"grade":""}}}
2025-11-03T11:45:04+01:00 | Failed to process grades: Invalid IDs in payload: enrollment:8656, enrollment:8664, enrollment:8672, enrollment:8680, enrollment:8688, enrollment:8696, enrollment:8704, enrollment:8712, enrollment:8720, enrollment:8728, enrollment:8736, enrollment:8744, enrollment:8752, enrollment:8760, enrollment:8768, enrollment:8776, enrollment:8784, enrollment:8792, enrollment:8800, enrollment:8808, enrollment:9537
Payload: {"8656":{"115":{"grade":""},"116":{"grade":""}},"8664":{"115":{"grade":""},"116":{"grade":""}},"8672":{"115":{"grade":""},"116":{"grade":""}},"8680":{"115":{"grade":""},"116":{"grade":""}},"8688":{"115":{"grade":""},"116":{"grade":""}},"8696":{"115":{"grade":""},"116":{"grade":""}},"8704":{"115":{"grade":""},"116":{"grade":""}},"8712":{"115":{"grade":""},"116":{"grade":""}},"8720":{"115":{"grade":""},"116":{"grade":""}},"8728":{"115":{"grade":""},"116":{"grade":""}},"8736":{"115":{"grade":""},"116":{"grade":""}},"8744":{"115":{"grade":""},"116":{"grade":""}},"8752":{"115":{"grade":""},"116":{"grade":""}},"8760":{"115":{"grade":""},"116":{"grade":""}},"8768":{"115":{"grade":""},"116":{"grade":""}},"8776":{"115":{"grade":""},"116":{"grade":""}},"8784":{"115":{"grade":""},"116":{"grade":""}},"8792":{"115":{"grade":""},"116":{"grade":""}},"8800":{"115":{"grade":""},"116":{"grade":""}},"8808":{"115":{"grade":""},"116":{"grade":""}},"9537":{"115":{"grade":""},"116":{"grade":""}}}
2025-11-03T11:45:04+01:00 | Failed to process grades: Invalid IDs in payload: enrollment:8656, enrollment:8664, enrollment:8672, enrollment:8680, enrollment:8688, enrollment:8696, enrollment:8704, enrollment:8712, enrollment:8720, enrollment:8728, enrollment:8736, enrollment:8744, enrollment:8752, enrollment:8760, enrollment:8768, enrollment:8776, enrollment:8784, enrollment:8792, enrollment:8800, enrollment:8808, enrollment:9537
Payload: {"8656":{"115":{"grade":""},"116":{"grade":""}},"8664":{"115":{"grade":""},"116":{"grade":""}},"8672":{"115":{"grade":""},"116":{"grade":""}},"8680":{"115":{"grade":""},"116":{"grade":""}},"8688":{"115":{"grade":""},"116":{"grade":""}},"8696":{"115":{"grade":""},"116":{"grade":""}},"8704":{"115":{"grade":""},"116":{"grade":""}},"8712":{"115":{"grade":""},"116":{"grade":""}},"8720":{"115":{"grade":""},"116":{"grade":""}},"8728":{"115":{"grade":""},"116":{"grade":""}},"8736":{"115":{"grade":""},"116":{"grade":""}},"8744":{"115":{"grade":""},"116":{"grade":""}},"8752":{"115":{"grade":""},"116":{"grade":""}},"8760":{"115":{"grade":""},"116":{"grade":""}},"8768":{"115":{"grade":""},"116":{"grade":""}},"8776":{"115":{"grade":""},"116":{"grade":""}},"8784":{"115":{"grade":""},"116":{"grade":""}},"8792":{"115":{"grade":""},"116":{"grade":""}},"8800":{"115":{"grade":""},"116":{"grade":""}},"8808":{"115":{"grade":""},"116":{"grade":""}},"9537":{"115":{"grade":""},"116":{"grade":""}}}
2025-11-03T11:45:04+01:00 | Failed to process grades: Invalid IDs in payload: enrollment:8656, enrollment:8664, enrollment:8672, enrollment:8680, enrollment:8688, enrollment:8696, enrollment:8704, enrollment:8712, enrollment:8720, enrollment:8728, enrollment:8736, enrollment:8744, enrollment:8752, enrollment:8760, enrollment:8768, enrollment:8776, enrollment:8784, enrollment:8792, enrollment:8800, enrollment:8808, enrollment:9537
Payload: {"8656":{"115":{"grade":""},"116":{"grade":""}},"8664":{"115":{"grade":""},"116":{"grade":""}},"8672":{"115":{"grade":""},"116":{"grade":""}},"8680":{"115":{"grade":""},"116":{"grade":""}},"8688":{"115":{"grade":""},"116":{"grade":""}},"8696":{"115":{"grade":""},"116":{"grade":""}},"8704":{"115":{"grade":""},"116":{"grade":""}},"8712":{"115":{"grade":""},"116":{"grade":""}},"8720":{"115":{"grade":""},"116":{"grade":""}},"8728":{"115":{"grade":""},"116":{"grade":""}},"8736":{"115":{"grade":""},"116":{"grade":""}},"8744":{"115":{"grade":""},"116":{"grade":""}},"8752":{"115":{"grade":""},"116":{"grade":""}},"8760":{"115":{"grade":""},"116":{"grade":""}},"8768":{"115":{"grade":""},"116":{"grade":""}},"8776":{"115":{"grade":""},"116":{"grade":""}},"8784":{"115":{"grade":""},"116":{"grade":""}},"8792":{"115":{"grade":""},"116":{"grade":""}},"8800":{"115":{"grade":""},"116":{"grade":""}},"8808":{"115":{"grade":""},"116":{"grade":""}},"9537":{"115":{"grade":""},"116":{"grade":""}}}
2025-11-03T11:45:05+01:00 | Failed to process grades: Invalid IDs in payload: enrollment:8656, enrollment:8664, enrollment:8672, enrollment:8680, enrollment:8688, enrollment:8696, enrollment:8704, enrollment:8712, enrollment:8720, enrollment:8728, enrollment:8736, enrollment:8744, enrollment:8752, enrollment:8760, enrollment:8768, enrollment:8776, enrollment:8784, enrollment:8792, enrollment:8800, enrollment:8808, enrollment:9537
Payload: {"8656":{"115":{"grade":""},"116":{"grade":""}},"8664":{"115":{"grade":""},"116":{"grade":""}},"8672":{"115":{"grade":""},"116":{"grade":""}},"8680":{"115":{"grade":""},"116":{"grade":""}},"8688":{"115":{"grade":""},"116":{"grade":""}},"8696":{"115":{"grade":""},"116":{"grade":""}},"8704":{"115":{"grade":""},"116":{"grade":""}},"8712":{"115":{"grade":""},"116":{"grade":""}},"8720":{"115":{"grade":""},"116":{"grade":""}},"8728":{"115":{"grade":""},"116":{"grade":""}},"8736":{"115":{"grade":""},"116":{"grade":""}},"8744":{"115":{"grade":""},"116":{"grade":""}},"8752":{"115":{"grade":""},"116":{"grade":""}},"8760":{"115":{"grade":""},"116":{"grade":""}},"8768":{"115":{"grade":""},"116":{"grade":""}},"8776":{"115":{"grade":""},"116":{"grade":""}},"8784":{"115":{"grade":""},"116":{"grade":""}},"8792":{"115":{"grade":""},"116":{"grade":""}},"8800":{"115":{"grade":""},"116":{"grade":""}},"8808":{"115":{"grade":""},"116":{"grade":""}},"9537":{"115":{"grade":""},"116":{"grade":""}}}
2025-11-03T11:45:05+01:00 | Failed to process grades: Invalid IDs in payload: enrollment:8656, enrollment:8664, enrollment:8672, enrollment:8680, enrollment:8688, enrollment:8696, enrollment:8704, enrollment:8712, enrollment:8720, enrollment:8728, enrollment:8736, enrollment:8744, enrollment:8752, enrollment:8760, enrollment:8768, enrollment:8776, enrollment:8784, enrollment:8792, enrollment:8800, enrollment:8808, enrollment:9537
Payload: {"8656":{"115":{"grade":""},"116":{"grade":""}},"8664":{"115":{"grade":""},"116":{"grade":""}},"8672":{"115":{"grade":""},"116":{"grade":""}},"8680":{"115":{"grade":""},"116":{"grade":""}},"8688":{"115":{"grade":""},"116":{"grade":""}},"8696":{"115":{"grade":""},"116":{"grade":""}},"8704":{"115":{"grade":""},"116":{"grade":""}},"8712":{"115":{"grade":""},"116":{"grade":""}},"8720":{"115":{"grade":""},"116":{"grade":""}},"8728":{"115":{"grade":""},"116":{"grade":""}},"8736":{"115":{"grade":""},"116":{"grade":""}},"8744":{"115":{"grade":""},"116":{"grade":""}},"8752":{"115":{"grade":""},"116":{"grade":""}},"8760":{"115":{"grade":""},"116":{"grade":""}},"8768":{"115":{"grade":""},"116":{"grade":""}},"8776":{"115":{"grade":""},"116":{"grade":""}},"8784":{"115":{"grade":""},"116":{"grade":""}},"8792":{"115":{"grade":""},"116":{"grade":""}},"8800":{"115":{"grade":""},"116":{"grade":""}},"8808":{"115":{"grade":""},"116":{"grade":""}},"9537":{"115":{"grade":""},"116":{"grade":""}}}
2025-11-03T11:47:08+01:00 | manage-grades: ignored invalid IDs -> enrollment:8656, enrollment:8664, enrollment:8672, enrollment:8680, enrollment:8688, enrollment:8696, enrollment:8704, enrollment:8712, enrollment:8720, enrollment:8728, enrollment:8736, enrollment:8744, enrollment:8752, enrollment:8760, enrollment:8768, enrollment:8776, enrollment:8784, enrollment:8792, enrollment:8800, enrollment:8808, enrollment:9537
2025-11-03T11:47:08+01:00 | manage-grades: ignored invalid IDs -> enrollment:8656, enrollment:8664, enrollment:8672, enrollment:8680, enrollment:8688, enrollment:8696, enrollment:8704, enrollment:8712, enrollment:8720, enrollment:8728, enrollment:8736, enrollment:8744, enrollment:8752, enrollment:8760, enrollment:8768, enrollment:8776, enrollment:8784, enrollment:8792, enrollment:8800, enrollment:8808, enrollment:9537
2025-11-03T11:47:09+01:00 | manage-grades: ignored invalid IDs -> enrollment:8656, enrollment:8664, enrollment:8672, enrollment:8680, enrollment:8688, enrollment:8696, enrollment:8704, enrollment:8712, enrollment:8720, enrollment:8728, enrollment:8736, enrollment:8744, enrollment:8752, enrollment:8760, enrollment:8768, enrollment:8776, enrollment:8784, enrollment:8792, enrollment:8800, enrollment:8808, enrollment:9537
2025-11-03T11:47:09+01:00 | manage-grades: ignored invalid IDs -> enrollment:8656, enrollment:8664, enrollment:8672, enrollment:8680, enrollment:8688, enrollment:8696, enrollment:8704, enrollment:8712, enrollment:8720, enrollment:8728, enrollment:8736, enrollment:8744, enrollment:8752, enrollment:8760, enrollment:8768, enrollment:8776, enrollment:8784, enrollment:8792, enrollment:8800, enrollment:8808, enrollment:9537
2025-11-03T11:47:09+01:00 | manage-grades: ignored invalid IDs -> enrollment:8656, enrollment:8664, enrollment:8672, enrollment:8680, enrollment:8688, enrollment:8696, enrollment:8704, enrollment:8712, enrollment:8720, enrollment:8728, enrollment:8736, enrollment:8744, enrollment:8752, enrollment:8760, enrollment:8768, enrollment:8776, enrollment:8784, enrollment:8792, enrollment:8800, enrollment:8808, enrollment:9537
2025-11-03T11:47:09+01:00 | manage-grades: ignored invalid IDs -> enrollment:8656, enrollment:8664, enrollment:8672, enrollment:8680, enrollment:8688, enrollment:8696, enrollment:8704, enrollment:8712, enrollment:8720, enrollment:8728, enrollment:8736, enrollment:8744, enrollment:8752, enrollment:8760, enrollment:8768, enrollment:8776, enrollment:8784, enrollment:8792, enrollment:8800, enrollment:8808, enrollment:9537
2025-11-03T11:47:09+01:00 | manage-grades: ignored invalid IDs -> enrollment:8656, enrollment:8664, enrollment:8672, enrollment:8680, enrollment:8688, enrollment:8696, enrollment:8704, enrollment:8712, enrollment:8720, enrollment:8728, enrollment:8736, enrollment:8744, enrollment:8752, enrollment:8760, enrollment:8768, enrollment:8776, enrollment:8784, enrollment:8792, enrollment:8800, enrollment:8808, enrollment:9537
2025-11-03T11:47:10+01:00 | manage-grades: ignored invalid IDs -> enrollment:8656, enrollment:8664, enrollment:8672, enrollment:8680, enrollment:8688, enrollment:8696, enrollment:8704, enrollment:8712, enrollment:8720, enrollment:8728, enrollment:8736, enrollment:8744, enrollment:8752, enrollment:8760, enrollment:8768, enrollment:8776, enrollment:8784, enrollment:8792, enrollment:8800, enrollment:8808, enrollment:9537
2025-11-03T11:49:59+01:00 | [criteria] course_id=138, count=2
2025-11-03T11:50:09+01:00 | manage-grades: ignored invalid IDs -> enrollment:9125, enrollment:9133, enrollment:9141, enrollment:9149, enrollment:9157, enrollment:9165, enrollment:9173, enrollment:9181, enrollment:9189, enrollment:9197, enrollment:9205, enrollment:9213, enrollment:9221, enrollment:9229, enrollment:9237, enrollment:9245, enrollment:9253, enrollment:9261, enrollment:9269, enrollment:9277
2025-11-03T11:50:10+01:00 | manage-grades: ignored invalid IDs -> enrollment:9125, enrollment:9133, enrollment:9141, enrollment:9149, enrollment:9157, enrollment:9165, enrollment:9173, enrollment:9181, enrollment:9189, enrollment:9197, enrollment:9205, enrollment:9213, enrollment:9221, enrollment:9229, enrollment:9237, enrollment:9245, enrollment:9253, enrollment:9261, enrollment:9269, enrollment:9277
2025-11-03T11:54:39+01:00 | Failed to process grades: SQLSTATE[23000]: Integrity constraint violation: 1062 Duplicate entry '9125-108' for key 'unique_grade'
Payload: {"9125":{"108":{"grade":""},"109":{"grade":""},"110":{"grade":""}},"9133":{"108":{"grade":""},"109":{"grade":""},"110":{"grade":""}},"9141":{"108":{"grade":""},"109":{"grade":""},"110":{"grade":""}},"9149":{"108":{"grade":""},"109":{"grade":""},"110":{"grade":""}},"9157":{"108":{"grade":""},"109":{"grade":""},"110":{"grade":""}},"9165":{"108":{"grade":""},"109":{"grade":""},"110":{"grade":""}},"9173":{"108":{"grade":""},"109":{"grade":""},"110":{"grade":""}},"9181":{"108":{"grade":""},"109":{"grade":""},"110":{"grade":""}},"9189":{"108":{"grade":""},"109":{"grade":""},"110":{"grade":""}},"9197":{"108":{"grade":""},"109":{"grade":""},"110":{"grade":""}},"9205":{"108":{"grade":""},"109":{"grade":""},"110":{"grade":""}},"9213":{"108":{"grade":""},"109":{"grade":""},"110":{"grade":""}},"9221":{"108":{"grade":""},"109":{"grade":""},"110":{"grade":""}},"9229":{"108":{"grade":""},"109":{"grade":""},"110":{"grade":""}},"9237":{"108":{"grade":""},"109":{"grade":""},"110":{"grade":""}},"9245":{"108":{"grade":""},"109":{"grade":""},"110":{"grade":""}},"9253":{"108":{"grade":""},"109":{"grade":""},"110":{"grade":""}},"9261":{"108":{"grade":""},"109":{"grade":""},"110":{"grade":""}},"9269":{"108":{"grade":""},"109":{"grade":""},"110":{"grade":""}},"9277":{"108":{"grade":""},"109":{"grade":""},"110":{"grade":""}}}
2025-11-03T11:54:39+01:00 | Failed to process grades: SQLSTATE[23000]: Integrity constraint violation: 1062 Duplicate entry '9125-108' for key 'unique_grade'
Payload: {"9125":{"108":{"grade":""},"109":{"grade":""},"110":{"grade":""}},"9133":{"108":{"grade":""},"109":{"grade":""},"110":{"grade":""}},"9141":{"108":{"grade":""},"109":{"grade":""},"110":{"grade":""}},"9149":{"108":{"grade":""},"109":{"grade":""},"110":{"grade":""}},"9157":{"108":{"grade":""},"109":{"grade":""},"110":{"grade":""}},"9165":{"108":{"grade":""},"109":{"grade":""},"110":{"grade":""}},"9173":{"108":{"grade":""},"109":{"grade":""},"110":{"grade":""}},"9181":{"108":{"grade":""},"109":{"grade":""},"110":{"grade":""}},"9189":{"108":{"grade":""},"109":{"grade":""},"110":{"grade":""}},"9197":{"108":{"grade":""},"109":{"grade":""},"110":{"grade":""}},"9205":{"108":{"grade":""},"109":{"grade":""},"110":{"grade":""}},"9213":{"108":{"grade":""},"109":{"grade":""},"110":{"grade":""}},"9221":{"108":{"grade":""},"109":{"grade":""},"110":{"grade":""}},"9229":{"108":{"grade":""},"109":{"grade":""},"110":{"grade":""}},"9237":{"108":{"grade":""},"109":{"grade":""},"110":{"grade":""}},"9245":{"108":{"grade":""},"109":{"grade":""},"110":{"grade":""}},"9253":{"108":{"grade":""},"109":{"grade":""},"110":{"grade":""}},"9261":{"108":{"grade":""},"109":{"grade":""},"110":{"grade":""}},"9269":{"108":{"grade":""},"109":{"grade":""},"110":{"grade":""}},"9277":{"108":{"grade":""},"109":{"grade":""},"110":{"grade":""}}}
2025-11-03T11:54:39+01:00 | Failed to process grades: SQLSTATE[23000]: Integrity constraint violation: 1062 Duplicate entry '9125-108' for key 'unique_grade'
Payload: {"9125":{"108":{"grade":""},"109":{"grade":""},"110":{"grade":""}},"9133":{"108":{"grade":""},"109":{"grade":""},"110":{"grade":""}},"9141":{"108":{"grade":""},"109":{"grade":""},"110":{"grade":""}},"9149":{"108":{"grade":""},"109":{"grade":""},"110":{"grade":""}},"9157":{"108":{"grade":""},"109":{"grade":""},"110":{"grade":""}},"9165":{"108":{"grade":""},"109":{"grade":""},"110":{"grade":""}},"9173":{"108":{"grade":""},"109":{"grade":""},"110":{"grade":""}},"9181":{"108":{"grade":""},"109":{"grade":""},"110":{"grade":""}},"9189":{"108":{"grade":""},"109":{"grade":""},"110":{"grade":""}},"9197":{"108":{"grade":""},"109":{"grade":""},"110":{"grade":""}},"9205":{"108":{"grade":""},"109":{"grade":""},"110":{"grade":""}},"9213":{"108":{"grade":""},"109":{"grade":""},"110":{"grade":""}},"9221":{"108":{"grade":""},"109":{"grade":""},"110":{"grade":""}},"9229":{"108":{"grade":""},"109":{"grade":""},"110":{"grade":""}},"9237":{"108":{"grade":""},"109":{"grade":""},"110":{"grade":""}},"9245":{"108":{"grade":""},"109":{"grade":""},"110":{"grade":""}},"9253":{"108":{"grade":""},"109":{"grade":""},"110":{"grade":""}},"9261":{"108":{"grade":""},"109":{"grade":""},"110":{"grade":""}},"9269":{"108":{"grade":""},"109":{"grade":""},"110":{"grade":""}},"9277":{"108":{"grade":""},"109":{"grade":""},"110":{"grade":""}}}
2025-11-03T11:55:24+01:00 | [manage-grades] section_id=903, course_id=138, assessments=9, displayAssessments=9
2025-11-03T11:55:29+01:00 | [manage-grades] section_id=903, course_id=138, assessments=9, displayAssessments=9
2025-11-03T16:02:57+01:00 | [criteria] course_id=138, count=2
2025-11-03T16:03:22+01:00 | [criteria] course_id=138, count=2
2025-11-03T16:05:21+01:00 | [criteria] course_id=138, count=2
2025-11-03T16:09:38+01:00 | [criteria] course_id=138, count=2
2025-11-03T16:09:49+01:00 | [criteria] course_id=138, count=2
2025-11-03T16:09:58+01:00 | [criteria] course_id=138, count=2
2025-11-03T16:13:12+01:00 | [criteria] course_id=138, count=2
2025-11-03T16:13:16+01:00 | [criteria] course_id=138, count=2
2025-11-03T16:13:28+01:00 | [criteria] course_id=138, count=2
2025-11-03T16:15:56+01:00 | [criteria] course_id=138, count=2
2025-11-03T16:16:12+01:00 | [criteria] course_id=138, count=2
2025-11-03T16:16:38+01:00 | [criteria] course_id=138, count=2
2025-11-03T16:16:50+01:00 | [criteria] course_id=138, count=2
2025-11-03T16:17:19+01:00 | [criteria] course_id=138, count=2
2025-11-03T16:17:31+01:00 | [criteria] course_id=138, count=2
2025-11-03T16:18:23+01:00 | [criteria] course_id=138, count=2
2025-11-03T16:18:31+01:00 | [criteria] course_id=226, count=1
2025-11-03T16:18:41+01:00 | [criteria] course_id=226, count=1
2025-11-03T16:21:54+01:00 | [criteria] course_id=226, count=1
2025-11-03T16:22:09+01:00 | [criteria] course_id=226, count=1
2025-11-03T16:22:19+01:00 | [criteria] course_id=138, count=2
2025-11-03T16:22:34+01:00 | [criteria] course_id=138, count=2
2025-11-03T16:26:15+01:00 | [criteria] course_id=138, count=2
2025-11-03T16:26:33+01:00 | [criteria] course_id=138, count=2
2025-11-03T16:26:48+01:00 | [criteria] course_id=138, count=2
2025-11-03T16:26:58+01:00 | [criteria] course_id=138, count=2
2025-11-03T16:27:01+01:00 | [criteria] course_id=369, count=0
2025-11-03T16:27:11+01:00 | [criteria] course_id=369, count=1
2025-11-03T16:27:27+01:00 | [criteria] course_id=369, count=2
2025-11-03T16:27:36+01:00 | [criteria] course_id=138, count=2
2025-11-03T16:27:42+01:00 | [criteria] course_id=138, count=1
2025-11-03T16:27:46+01:00 | [criteria] course_id=138, count=0
2025-11-03T16:28:02+01:00 | [criteria] course_id=138, count=0
2025-11-03T16:31:16+01:00 | [criteria] course_id=138, count=0
2025-11-03T16:33:01+01:00 | [criteria] course_id=138, count=0
2025-11-03T16:33:29+01:00 | [criteria] course_id=138, count=0
2025-11-03T16:37:24+01:00 | [criteria] course_id=138, count=0
2025-11-03T16:37:25+01:00 | [criteria] course_id=138, count=0
2025-11-03T16:37:25+01:00 | [criteria] course_id=138, count=0
2025-11-03T16:37:41+01:00 | [criteria] course_id=138, count=0
2025-11-03T16:37:50+01:00 | [criteria] course_id=138, count=1
2025-11-03T16:37:59+01:00 | [criteria] course_id=138, count=1
2025-11-03T16:38:13+01:00 | [criteria] course_id=138, count=1
2025-11-03T16:38:50+01:00 | [criteria] course_id=323, count=0
2025-11-03T16:38:59+01:00 | [criteria] course_id=323, count=1
2025-11-03T16:39:06+01:00 | [criteria] course_id=323, count=1
2025-11-03T16:39:20+01:00 | [criteria] course_id=323, count=2
2025-11-03T16:39:29+01:00 | [criteria] course_id=323, count=2
2025-11-03T16:39:55+01:00 | save_failed: Invalid IDs in payload: asm:120, asm:121
2025-11-03T16:41:52+01:00 | [criteria] course_id=323, count=2
2025-11-03T16:42:03+01:00 | [criteria] course_id=323, count=3
2025-11-03T16:42:15+01:00 | [criteria] course_id=323, count=3
2025-11-03T16:42:23+01:00 | [criteria] course_id=323, count=3
2025-11-03T16:42:30+01:00 | [criteria] course_id=323, count=3
2025-11-03T16:42:49+01:00 | [criteria] course_id=323, count=3
2025-11-03T16:43:03+01:00 | [criteria] course_id=323, count=2
2025-11-03T16:43:07+01:00 | [criteria] course_id=323, count=1
2025-11-03T16:43:12+01:00 | [criteria] course_id=323, count=0
2025-11-03T16:43:21+01:00 | [criteria] course_id=323, count=1
2025-11-03T16:43:29+01:00 | [criteria] course_id=323, count=1
2025-11-04T01:23:42+01:00 | [criteria] course_id=323, count=1
2025-11-04T01:23:54+01:00 | [criteria] course_id=323, count=2
2025-11-04T01:24:02+01:00 | [criteria] course_id=323, count=2
2025-11-04T01:24:11+01:00 | [criteria] course_id=323, count=2
2025-11-04T01:24:48+01:00 | [criteria] course_id=323, count=2
2025-11-04T01:25:03+01:00 | [criteria] course_id=323, count=3
2025-11-04T01:25:26+01:00 | [criteria] course_id=323, count=4
2025-11-04T01:25:44+01:00 | [criteria] course_id=323, count=4
2025-11-04T01:26:00+01:00 | [criteria] course_id=323, count=4
2025-11-04T01:26:17+01:00 | [criteria] course_id=323, count=4
2025-11-04T01:32:41+01:00 | [criteria] course_id=323, count=4
2025-11-04T01:32:54+01:00 | [criteria] course_id=323, count=4
2025-11-04T01:33:10+01:00 | [criteria] course_id=323, count=5
2025-11-04T01:33:21+01:00 | [criteria] course_id=323, count=5
2025-11-04T01:33:32+01:00 | [criteria] course_id=323, count=5
2025-11-04T01:33:57+01:00 | [criteria] course_id=323, count=6
2025-11-04T01:34:13+01:00 | [criteria] course_id=323, count=6
2025-11-04T01:34:47+01:00 | [criteria] course_id=323, count=7
2025-11-04T01:35:03+01:00 | [criteria] course_id=323, count=8
2025-11-04T01:35:15+01:00 | [criteria] course_id=323, count=9
2025-11-04T01:35:30+01:00 | [criteria] course_id=323, count=9
2025-11-04T01:35:39+01:00 | [criteria] course_id=323, count=9
2025-11-04T01:35:52+01:00 | [criteria] course_id=323, count=9
2025-11-04T01:36:03+01:00 | [criteria] course_id=323, count=9
2025-11-04T01:36:17+01:00 | [criteria] course_id=323, count=9
2025-11-04T01:36:29+01:00 | [criteria] course_id=323, count=9
2025-11-04T01:47:51+01:00 | send_to_admin ok=0
2025-11-04T01:49:51+01:00 | send_to_admin ok=0
2025-11-04T01:57:17+01:00 | send_to_admin ok=0
